setting ram-size to 268435455 MB
enabling storing illegal instruction bits in mtval.
using /home/user/cvw/tests/riscof/work-mcycle/rv64i_m/privilege/src/WALLY-troj-01.S/ref/Reference-sail_c_simulator.signature for test-signature output.
tohost located at 0x80001000
Running file ref.elf.
ELF Entry @ 0x80000000
begin_signature: 0x80005210
end_signature: 0x80006210
CSR mstatus <- 0x0000000A00000000 (input: 0x0000000000000000)
mem[X,0x0000000000001000] -> 0x0297
mem[X,0x0000000000001002] -> 0x0000
[0] [M]: 0x0000000000001000 (0x00000297) auipc t0, 0
x5 <- 0x0000000000001000
mem[X,0x0000000000001004] -> 0x8593
mem[X,0x0000000000001006] -> 0x0202
[1] [M]: 0x0000000000001004 (0x02028593) addi a1, t0, 32
x11 <- 0x0000000000001020
mem[X,0x0000000000001008] -> 0x2573
mem[X,0x000000000000100A] -> 0xF140
[2] [M]: 0x0000000000001008 (0xF1402573) csrrs a0, mhartid, zero
CSR mhartid -> 0x0000000000000000
x10 <- 0x0000000000000000
mem[X,0x000000000000100C] -> 0xB283
mem[X,0x000000000000100E] -> 0x0182
[3] [M]: 0x000000000000100C (0x0182B283) ld t0, 24(t0)
mem[R,0x0000000000001018] -> 0x0000000080000000
x5 <- 0x0000000080000000
mem[X,0x0000000000001010] -> 0x8067
mem[X,0x0000000000001012] -> 0x0002
[4] [M]: 0x0000000000001010 (0x00028067) jalr zero, t0, 0
mem[X,0x0000000080000000] -> 0xE0B7
mem[X,0x0000000080000002] -> 0xFF76
[5] [M]: 0x0000000080000000 (0xFF76E0B7) lui ra, 1046382
x1 <- 0xFFFFFFFFFF76E000
mem[X,0x0000000080000004] -> 0x809B
mem[X,0x0000000080000006] -> 0xF570
[6] [M]: 0x0000000080000004 (0xF570809B) addiw ra, ra, 3927
x1 <- 0xFFFFFFFFFF76DF57
mem[X,0x0000000080000008] -> 0x9093
mem[X,0x000000008000000A] -> 0x0130
[7] [M]: 0x0000000080000008 (0x01309093) slli ra, ra, 19
x1 <- 0xFFFFFBB6FAB80000
mem[X,0x000000008000000C] -> 0x8093
mem[X,0x000000008000000E] -> 0xBB70
[8] [M]: 0x000000008000000C (0xBB708093) addi ra, ra, 2999
x1 <- 0xFFFFFBB6FAB7FBB7
mem[X,0x0000000080000010] -> 0x9093
mem[X,0x0000000080000012] -> 0x00E0
[9] [M]: 0x0000000080000010 (0x00E09093) slli ra, ra, 14
x1 <- 0xFEEDBEADFEEDC000
mem[X,0x0000000080000014] -> 0x8093
mem[X,0x0000000080000016] -> 0xEAD0
[10] [M]: 0x0000000080000014 (0xEAD08093) addi ra, ra, 3757
x1 <- 0xFEEDBEADFEEDBEAD
mem[X,0x0000000080000018] -> 0xE137
mem[X,0x000000008000001A] -> 0xFF76
[11] [M]: 0x0000000080000018 (0xFF76E137) lui sp, 1046382
x2 <- 0xFFFFFFFFFF76E000
mem[X,0x000000008000001C] -> 0x011B
mem[X,0x000000008000001E] -> 0xF571
[12] [M]: 0x000000008000001C (0xF571011B) addiw sp, sp, 3927
x2 <- 0xFFFFFFFFFF76DF57
mem[X,0x0000000080000020] -> 0x1113
mem[X,0x0000000080000022] -> 0x0131
[13] [M]: 0x0000000080000020 (0x01311113) slli sp, sp, 19
x2 <- 0xFFFFFBB6FAB80000
mem[X,0x0000000080000024] -> 0x0113
mem[X,0x0000000080000026] -> 0xBB71
[14] [M]: 0x0000000080000024 (0xBB710113) addi sp, sp, 2999
x2 <- 0xFFFFFBB6FAB7FBB7
mem[X,0x0000000080000028] -> 0x1113
mem[X,0x000000008000002A] -> 0x00D1
[15] [M]: 0x0000000080000028 (0x00D11113) slli sp, sp, 13
x2 <- 0xFF76DF56FF76E000
mem[X,0x000000008000002C] -> 0x0113
mem[X,0x000000008000002E] -> 0xF561
[16] [M]: 0x000000008000002C (0xF5610113) addi sp, sp, 3926
x2 <- 0xFF76DF56FF76DF56
mem[X,0x0000000080000030] -> 0x01B7
mem[X,0x0000000080000032] -> 0x0008
[17] [M]: 0x0000000080000030 (0x000801B7) lui gp, 128
x3 <- 0x0000000000080000
mem[X,0x0000000080000034] -> 0x819B
mem[X,0x0000000080000036] -> 0xBB71
[18] [M]: 0x0000000080000034 (0xBB71819B) addiw gp, gp, 2999
x3 <- 0x000000000007FBB7
mem[X,0x0000000080000038] -> 0x9193
mem[X,0x000000008000003A] -> 0x00D1
[19] [M]: 0x0000000080000038 (0x00D19193) slli gp, gp, 13
x3 <- 0x00000000FF76E000
mem[X,0x000000008000003C] -> 0x8193
mem[X,0x000000008000003E] -> 0xF571
[20] [M]: 0x000000008000003C (0xF5718193) addi gp, gp, 3927
x3 <- 0x00000000FF76DF57
mem[X,0x0000000080000040] -> 0x9193
mem[X,0x0000000080000042] -> 0x0131
[21] [M]: 0x0000000080000040 (0x01319193) slli gp, gp, 19
x3 <- 0x0007FBB6FAB80000
mem[X,0x0000000080000044] -> 0x8193
mem[X,0x0000000080000046] -> 0xBB71
[22] [M]: 0x0000000080000044 (0xBB718193) addi gp, gp, 2999
x3 <- 0x0007FBB6FAB7FBB7
mem[X,0x0000000080000048] -> 0x9193
mem[X,0x000000008000004A] -> 0x00C1
[23] [M]: 0x0000000080000048 (0x00C19193) slli gp, gp, 12
x3 <- 0x7FBB6FAB7FBB7000
mem[X,0x000000008000004C] -> 0x8193
mem[X,0x000000008000004E] -> 0xFAB1
[24] [M]: 0x000000008000004C (0xFAB18193) addi gp, gp, 4011
x3 <- 0x7FBB6FAB7FBB6FAB
mem[X,0x0000000080000050] -> 0x0237
mem[X,0x0000000080000052] -> 0xFFF8
[25] [M]: 0x0000000080000050 (0xFFF80237) lui tp, 1048448
x4 <- 0xFFFFFFFFFFF80000
mem[X,0x0000000080000054] -> 0x021B
mem[X,0x0000000080000056] -> 0xBB72
[26] [M]: 0x0000000080000054 (0xBB72021B) addiw tp, tp, 2999
x4 <- 0xFFFFFFFFFFF7FBB7
mem[X,0x0000000080000058] -> 0x1213
mem[X,0x000000008000005A] -> 0x00D2
[27] [M]: 0x0000000080000058 (0x00D21213) slli tp, tp, 13
x4 <- 0xFFFFFFFEFF76E000
mem[X,0x000000008000005C] -> 0x0213
mem[X,0x000000008000005E] -> 0xF572
[28] [M]: 0x000000008000005C (0xF5720213) addi tp, tp, 3927
x4 <- 0xFFFFFFFEFF76DF57
mem[X,0x0000000080000060] -> 0x1213
mem[X,0x0000000080000062] -> 0x0122
[29] [M]: 0x0000000080000060 (0x01221213) slli tp, tp, 18
x4 <- 0xFFFBFDDB7D5C0000
mem[X,0x0000000080000064] -> 0x0213
mem[X,0x0000000080000066] -> 0xDDB2
[30] [M]: 0x0000000080000064 (0xDDB20213) addi tp, tp, 3547
x4 <- 0xFFFBFDDB7D5BFDDB
mem[X,0x0000000080000068] -> 0x1213
mem[X,0x000000008000006A] -> 0x00C2
[31] [M]: 0x0000000080000068 (0x00C21213) slli tp, tp, 12
x4 <- 0xBFDDB7D5BFDDB000
mem[X,0x000000008000006C] -> 0x0213
mem[X,0x000000008000006E] -> 0x7D52
[32] [M]: 0x000000008000006C (0x7D520213) addi tp, tp, 2005
x4 <- 0xBFDDB7D5BFDDB7D5
mem[X,0x0000000080000070] -> 0x0297
mem[X,0x0000000080000072] -> 0x0000
[33] [M]: 0x0000000080000070 (0x00000297) auipc t0, 0
x5 <- 0x0000000080000070
mem[X,0x0000000080000074] -> 0x8293
mem[X,0x0000000080000076] -> 0x3202
[34] [M]: 0x0000000080000074 (0x32028293) addi t0, t0, 800
x5 <- 0x0000000080000390
mem[X,0x0000000080000078] -> 0x3317
mem[X,0x000000008000007A] -> 0x0000
[35] [M]: 0x0000000080000078 (0x00003317) auipc t1, 3
x6 <- 0x0000000080003078
mem[X,0x000000008000007C] -> 0x0313
mem[X,0x000000008000007E] -> 0xF883
[36] [M]: 0x000000008000007C (0xF8830313) addi t1, t1, 3976
x6 <- 0x0000000080003000
mem[X,0x0000000080000080] -> 0x03B7
mem[X,0x0000000080000082] -> 0xFFB8
[37] [M]: 0x0000000080000080 (0xFFB803B7) lui t2, 1047424
x7 <- 0xFFFFFFFFFFB80000
mem[X,0x0000000080000084] -> 0x839B
mem[X,0x0000000080000086] -> 0xBB73
[38] [M]: 0x0000000080000084 (0xBB73839B) addiw t2, t2, 2999
x7 <- 0xFFFFFFFFFFB7FBB7
mem[X,0x0000000080000088] -> 0x9393
mem[X,0x000000008000008A] -> 0x00D3
[39] [M]: 0x0000000080000088 (0x00D39393) slli t2, t2, 13
x7 <- 0xFFFFFFF6FF76E000
mem[X,0x000000008000008C] -> 0x8393
mem[X,0x000000008000008E] -> 0xF573
[40] [M]: 0x000000008000008C (0xF5738393) addi t2, t2, 3927
x7 <- 0xFFFFFFF6FF76DF57
mem[X,0x0000000080000090] -> 0x9393
mem[X,0x0000000080000092] -> 0x00F3
[41] [M]: 0x0000000080000090 (0x00F39393) slli t2, t2, 15
x7 <- 0xFFFB7FBB6FAB8000
mem[X,0x0000000080000094] -> 0x8393
mem[X,0x0000000080000096] -> 0xFBB3
[42] [M]: 0x0000000080000094 (0xFBB38393) addi t2, t2, 4027
x7 <- 0xFFFB7FBB6FAB7FBB
mem[X,0x0000000080000098] -> 0x9393
mem[X,0x000000008000009A] -> 0x00C3
[43] [M]: 0x0000000080000098 (0x00C39393) slli t2, t2, 12
x7 <- 0xB7FBB6FAB7FBB000
mem[X,0x000000008000009C] -> 0x8393
mem[X,0x000000008000009E] -> 0x6FA3
[44] [M]: 0x000000008000009C (0x6FA38393) addi t2, t2, 1786
x7 <- 0xB7FBB6FAB7FBB6FA
mem[X,0x00000000800000A0] -> 0x0437
mem[X,0x00000000800000A2] -> 0x00B8
[45] [M]: 0x00000000800000A0 (0x00B80437) lui fp, 2944
x8 <- 0x0000000000B80000
mem[X,0x00000000800000A4] -> 0x041B
mem[X,0x00000000800000A6] -> 0xBB74
[46] [M]: 0x00000000800000A4 (0xBB74041B) addiw fp, fp, 2999
x8 <- 0x0000000000B7FBB7
mem[X,0x00000000800000A8] -> 0x1413
mem[X,0x00000000800000AA] -> 0x00D4
[47] [M]: 0x00000000800000A8 (0x00D41413) slli fp, fp, 13
x8 <- 0x00000016FF76E000
mem[X,0x00000000800000AC] -> 0x0413
mem[X,0x00000000800000AE] -> 0xF574
[48] [M]: 0x00000000800000AC (0xF5740413) addi fp, fp, 3927
x8 <- 0x00000016FF76DF57
mem[X,0x00000000800000B0] -> 0x1413
mem[X,0x00000000800000B2] -> 0x00D4
[49] [M]: 0x00000000800000B0 (0x00D41413) slli fp, fp, 13
x8 <- 0x0002DFEEDBEAE000
mem[X,0x00000000800000B4] -> 0x0413
mem[X,0x00000000800000B6] -> 0xFEF4
[50] [M]: 0x00000000800000B4 (0xFEF40413) addi fp, fp, 4079
x8 <- 0x0002DFEEDBEADFEF
mem[X,0x00000000800000B8] -> 0x1413
mem[X,0x00000000800000BA] -> 0x00D4
[51] [M]: 0x00000000800000B8 (0x00D41413) slli fp, fp, 13
x8 <- 0x5BFDDB7D5BFDE000
mem[X,0x00000000800000BC] -> 0x0413
mem[X,0x00000000800000BE] -> 0xB7D4
[52] [M]: 0x00000000800000BC (0xB7D40413) addi fp, fp, 2941
x8 <- 0x5BFDDB7D5BFDDB7D
mem[X,0x00000000800000C0] -> 0x04B7
mem[X,0x00000000800000C2] -> 0xFEB8
[53] [M]: 0x00000000800000C0 (0xFEB804B7) lui s1, 1043328
x9 <- 0xFFFFFFFFFEB80000
mem[X,0x00000000800000C4] -> 0x849B
mem[X,0x00000000800000C6] -> 0xBB74
[54] [M]: 0x00000000800000C4 (0xBB74849B) addiw s1, s1, 2999
x9 <- 0xFFFFFFFFFEB7FBB7
mem[X,0x00000000800000C8] -> 0x9493
mem[X,0x00000000800000CA] -> 0x00D4
[55] [M]: 0x00000000800000C8 (0x00D49493) slli s1, s1, 13
x9 <- 0xFFFFFFD6FF76E000
mem[X,0x00000000800000CC] -> 0x8493
mem[X,0x00000000800000CE] -> 0xF574
[56] [M]: 0x00000000800000CC (0xF5748493) addi s1, s1, 3927
x9 <- 0xFFFFFFD6FF76DF57
mem[X,0x00000000800000D0] -> 0x9493
mem[X,0x00000000800000D2] -> 0x00D4
[57] [M]: 0x00000000800000D0 (0x00D49493) slli s1, s1, 13
x9 <- 0xFFFADFEEDBEAE000
mem[X,0x00000000800000D4] -> 0x8493
mem[X,0x00000000800000D6] -> 0xFEF4
[58] [M]: 0x00000000800000D4 (0xFEF48493) addi s1, s1, 4079
x9 <- 0xFFFADFEEDBEADFEF
mem[X,0x00000000800000D8] -> 0x9493
mem[X,0x00000000800000DA] -> 0x00C4
[59] [M]: 0x00000000800000D8 (0x00C49493) slli s1, s1, 12
x9 <- 0xADFEEDBEADFEF000
mem[X,0x00000000800000DC] -> 0x8493
mem[X,0x00000000800000DE] -> 0xDBE4
[60] [M]: 0x00000000800000DC (0xDBE48493) addi s1, s1, 3518
x9 <- 0xADFEEDBEADFEEDBE
mem[X,0x00000000800000E0] -> 0x0537
mem[X,0x00000000800000E2] -> 0x02B8
[61] [M]: 0x00000000800000E0 (0x02B80537) lui a0, 11136
x10 <- 0x0000000002B80000
mem[X,0x00000000800000E4] -> 0x051B
mem[X,0x00000000800000E6] -> 0xBB75
[62] [M]: 0x00000000800000E4 (0xBB75051B) addiw a0, a0, 2999
x10 <- 0x0000000002B7FBB7
mem[X,0x00000000800000E8] -> 0x1513
mem[X,0x00000000800000EA] -> 0x00D5
[63] [M]: 0x00000000800000E8 (0x00D51513) slli a0, a0, 13
x10 <- 0x00000056FF76E000
mem[X,0x00000000800000EC] -> 0x0513
mem[X,0x00000000800000EE] -> 0xF575
[64] [M]: 0x00000000800000EC (0xF5750513) addi a0, a0, 3927
x10 <- 0x00000056FF76DF57
mem[X,0x00000000800000F0] -> 0x1513
mem[X,0x00000000800000F2] -> 0x00C5
[65] [M]: 0x00000000800000F0 (0x00C51513) slli a0, a0, 12
x10 <- 0x00056FF76DF57000
mem[X,0x00000000800000F4] -> 0x0513
mem[X,0x00000000800000F6] -> 0xFF75
[66] [M]: 0x00000000800000F4 (0xFF750513) addi a0, a0, 4087
x10 <- 0x00056FF76DF56FF7
mem[X,0x00000000800000F8] -> 0x1513
mem[X,0x00000000800000FA] -> 0x00C5
[67] [M]: 0x00000000800000F8 (0x00C51513) slli a0, a0, 12
x10 <- 0x56FF76DF56FF7000
mem[X,0x00000000800000FC] -> 0x0513
mem[X,0x00000000800000FE] -> 0x6DF5
[68] [M]: 0x00000000800000FC (0x6DF50513) addi a0, a0, 1759
x10 <- 0x56FF76DF56FF76DF
mem[X,0x0000000080000100] -> 0x05B7
mem[X,0x0000000080000102] -> 0xFF57
[69] [M]: 0x0000000080000100 (0xFF5705B7) lui a1, 1045872
x11 <- 0xFFFFFFFFFF570000
mem[X,0x0000000080000104] -> 0x859B
mem[X,0x0000000080000106] -> 0xF775
[70] [M]: 0x0000000080000104 (0xF775859B) addiw a1, a1, 3959
x11 <- 0xFFFFFFFFFF56FF77
mem[X,0x0000000080000108] -> 0x9593
mem[X,0x000000008000010A] -> 0x00D5
[71] [M]: 0x0000000080000108 (0x00D59593) slli a1, a1, 13
x11 <- 0xFFFFFFEADFEEE000
mem[X,0x000000008000010C] -> 0x8593
mem[X,0x000000008000010E] -> 0xBEB5
[72] [M]: 0x000000008000010C (0xBEB58593) addi a1, a1, 3051
x11 <- 0xFFFFFFEADFEEDBEB
mem[X,0x0000000080000110] -> 0x9593
mem[X,0x0000000080000112] -> 0x00C5
[73] [M]: 0x0000000080000110 (0x00C59593) slli a1, a1, 12
x11 <- 0xFFFEADFEEDBEB000
mem[X,0x0000000080000114] -> 0x8593
mem[X,0x0000000080000116] -> 0xDFF5
[74] [M]: 0x0000000080000114 (0xDFF58593) addi a1, a1, 3583
x11 <- 0xFFFEADFEEDBEADFF
mem[X,0x0000000080000118] -> 0x9593
mem[X,0x000000008000011A] -> 0x00E5
[75] [M]: 0x0000000080000118 (0x00E59593) slli a1, a1, 14
x11 <- 0xAB7FBB6FAB7FC000
mem[X,0x000000008000011C] -> 0x8593
mem[X,0x000000008000011E] -> 0xB6F5
[76] [M]: 0x000000008000011C (0xB6F58593) addi a1, a1, 2927
x11 <- 0xAB7FBB6FAB7FBB6F
mem[X,0x0000000080000120] -> 0x0637
mem[X,0x0000000080000122] -> 0xFF57
[77] [M]: 0x0000000080000120 (0xFF570637) lui a2, 1045872
x12 <- 0xFFFFFFFFFF570000
mem[X,0x0000000080000124] -> 0x061B
mem[X,0x0000000080000126] -> 0xF776
[78] [M]: 0x0000000080000124 (0xF776061B) addiw a2, a2, 3959
x12 <- 0xFFFFFFFFFF56FF77
mem[X,0x0000000080000128] -> 0x1613
mem[X,0x000000008000012A] -> 0x00D6
[79] [M]: 0x0000000080000128 (0x00D61613) slli a2, a2, 13
x12 <- 0xFFFFFFEADFEEE000
mem[X,0x000000008000012C] -> 0x0613
mem[X,0x000000008000012E] -> 0xBEB6
[80] [M]: 0x000000008000012C (0xBEB60613) addi a2, a2, 3051
x12 <- 0xFFFFFFEADFEEDBEB
mem[X,0x0000000080000130] -> 0x1613
mem[X,0x0000000080000132] -> 0x00C6
[81] [M]: 0x0000000080000130 (0x00C61613) slli a2, a2, 12
x12 <- 0xFFFEADFEEDBEB000
mem[X,0x0000000080000134] -> 0x0613
mem[X,0x0000000080000136] -> 0xDFF6
[82] [M]: 0x0000000080000134 (0xDFF60613) addi a2, a2, 3583
x12 <- 0xFFFEADFEEDBEADFF
mem[X,0x0000000080000138] -> 0x1613
mem[X,0x000000008000013A] -> 0x00D6
[83] [M]: 0x0000000080000138 (0x00D61613) slli a2, a2, 13
x12 <- 0xD5BFDDB7D5BFE000
mem[X,0x000000008000013C] -> 0x0613
mem[X,0x000000008000013E] -> 0xDB76
[84] [M]: 0x000000008000013C (0xDB760613) addi a2, a2, 3511
x12 <- 0xD5BFDDB7D5BFDDB7
mem[X,0x0000000080000140] -> 0x06B7
mem[X,0x0000000080000142] -> 0xFF57
[85] [M]: 0x0000000080000140 (0xFF5706B7) lui a3, 1045872
x13 <- 0xFFFFFFFFFF570000
mem[X,0x0000000080000144] -> 0x869B
mem[X,0x0000000080000146] -> 0xF776
[86] [M]: 0x0000000080000144 (0xF776869B) addiw a3, a3, 3959
x13 <- 0xFFFFFFFFFF56FF77
mem[X,0x0000000080000148] -> 0x9693
mem[X,0x000000008000014A] -> 0x00D6
[87] [M]: 0x0000000080000148 (0x00D69693) slli a3, a3, 13
x13 <- 0xFFFFFFEADFEEE000
mem[X,0x000000008000014C] -> 0x8693
mem[X,0x000000008000014E] -> 0xBEB6
[88] [M]: 0x000000008000014C (0xBEB68693) addi a3, a3, 3051
x13 <- 0xFFFFFFEADFEEDBEB
mem[X,0x0000000080000150] -> 0x9693
mem[X,0x0000000080000152] -> 0x00C6
[89] [M]: 0x0000000080000150 (0x00C69693) slli a3, a3, 12
x13 <- 0xFFFEADFEEDBEB000
mem[X,0x0000000080000154] -> 0x8693
mem[X,0x0000000080000156] -> 0xDFF6
[90] [M]: 0x0000000080000154 (0xDFF68693) addi a3, a3, 3583
x13 <- 0xFFFEADFEEDBEADFF
mem[X,0x0000000080000158] -> 0x9693
mem[X,0x000000008000015A] -> 0x00C6
[91] [M]: 0x0000000080000158 (0x00C69693) slli a3, a3, 12
x13 <- 0xEADFEEDBEADFF000
mem[X,0x000000008000015C] -> 0x8693
mem[X,0x000000008000015E] -> 0xEDB6
[92] [M]: 0x000000008000015C (0xEDB68693) addi a3, a3, 3803
x13 <- 0xEADFEEDBEADFEEDB
mem[X,0x0000000080000160] -> 0x0737
mem[X,0x0000000080000162] -> 0xFF57
[93] [M]: 0x0000000080000160 (0xFF570737) lui a4, 1045872
x14 <- 0xFFFFFFFFFF570000
mem[X,0x0000000080000164] -> 0x071B
mem[X,0x0000000080000166] -> 0xF777
[94] [M]: 0x0000000080000164 (0xF777071B) addiw a4, a4, 3959
x14 <- 0xFFFFFFFFFF56FF77
mem[X,0x0000000080000168] -> 0x1713
mem[X,0x000000008000016A] -> 0x00C7
[95] [M]: 0x0000000080000168 (0x00C71713) slli a4, a4, 12
x14 <- 0xFFFFFFF56FF77000
mem[X,0x000000008000016C] -> 0x0713
mem[X,0x000000008000016E] -> 0xDF57
[96] [M]: 0x000000008000016C (0xDF570713) addi a4, a4, 3573
x14 <- 0xFFFFFFF56FF76DF5
mem[X,0x0000000080000170] -> 0x1713
mem[X,0x0000000080000172] -> 0x00C7
[97] [M]: 0x0000000080000170 (0x00C71713) slli a4, a4, 12
x14 <- 0xFFFF56FF76DF5000
mem[X,0x0000000080000174] -> 0x0713
mem[X,0x0000000080000176] -> 0x6FF7
[98] [M]: 0x0000000080000174 (0x6FF70713) addi a4, a4, 1791
x14 <- 0xFFFF56FF76DF56FF
mem[X,0x0000000080000178] -> 0x1713
mem[X,0x000000008000017A] -> 0x00C7
[99] [M]: 0x0000000080000178 (0x00C71713) slli a4, a4, 12
x14 <- 0xF56FF76DF56FF000
clint::tick mtime <- 0x0000000000000001
 clint timer pending at mtime 0x0000000000000001
htif::tick 0x0000000000000000
mem[X,0x000000008000017C] -> 0x0713
mem[X,0x000000008000017E] -> 0x76D7
[100] [M]: 0x000000008000017C (0x76D70713) addi a4, a4, 1901
x14 <- 0xF56FF76DF56FF76D
mem[X,0x0000000080000180] -> 0x07B7
mem[X,0x0000000080000182] -> 0xFAB8
[101] [M]: 0x0000000080000180 (0xFAB807B7) lui a5, 1026944
x15 <- 0xFFFFFFFFFAB80000
mem[X,0x0000000080000184] -> 0x879B
mem[X,0x0000000080000186] -> 0xBB77
[102] [M]: 0x0000000080000184 (0xBB77879B) addiw a5, a5, 2999
x15 <- 0xFFFFFFFFFAB7FBB7
mem[X,0x0000000080000188] -> 0x9793
mem[X,0x000000008000018A] -> 0x00D7
[103] [M]: 0x0000000080000188 (0x00D79793) slli a5, a5, 13
x15 <- 0xFFFFFF56FF76E000
mem[X,0x000000008000018C] -> 0x8793
mem[X,0x000000008000018E] -> 0xF577
[104] [M]: 0x000000008000018C (0xF5778793) addi a5, a5, 3927
x15 <- 0xFFFFFF56FF76DF57
mem[X,0x0000000080000190] -> 0x9793
mem[X,0x0000000080000192] -> 0x0137
[105] [M]: 0x0000000080000190 (0x01379793) slli a5, a5, 19
x15 <- 0xFAB7FBB6FAB80000
mem[X,0x0000000080000194] -> 0x8793
mem[X,0x0000000080000196] -> 0xBB67
[106] [M]: 0x0000000080000194 (0xBB678793) addi a5, a5, 2998
x15 <- 0xFAB7FBB6FAB7FBB6
mem[X,0x0000000080000198] -> 0x2837
mem[X,0x000000008000019A] -> 0x0000
[107] [M]: 0x0000000080000198 (0x00002837) lui a6, 2
x16 <- 0x0000000000002000
mem[X,0x000000008000019C] -> 0x081B
mem[X,0x000000008000019E] -> 0xF578
[108] [M]: 0x000000008000019C (0xF578081B) addiw a6, a6, 3927
x16 <- 0x0000000000001F57
mem[X,0x00000000800001A0] -> 0x1813
mem[X,0x00000000800001A2] -> 0x0138
[109] [M]: 0x00000000800001A0 (0x01381813) slli a6, a6, 19
x16 <- 0x00000000FAB80000
mem[X,0x00000000800001A4] -> 0x0813
mem[X,0x00000000800001A6] -> 0xBB78
[110] [M]: 0x00000000800001A4 (0xBB780813) addi a6, a6, 2999
x16 <- 0x00000000FAB7FBB7
mem[X,0x00000000800001A8] -> 0x1813
mem[X,0x00000000800001AA] -> 0x00D8
[111] [M]: 0x00000000800001A8 (0x00D81813) slli a6, a6, 13
x16 <- 0x00001F56FF76E000
mem[X,0x00000000800001AC] -> 0x0813
mem[X,0x00000000800001AE] -> 0xF578
[112] [M]: 0x00000000800001AC (0xF5780813) addi a6, a6, 3927
x16 <- 0x00001F56FF76DF57
mem[X,0x00000000800001B0] -> 0x1813
mem[X,0x00000000800001B2] -> 0x0128
[113] [M]: 0x00000000800001B0 (0x01281813) slli a6, a6, 18
x16 <- 0x7D5BFDDB7D5C0000
mem[X,0x00000000800001B4] -> 0x0813
mem[X,0x00000000800001B6] -> 0xDDB8
[114] [M]: 0x00000000800001B4 (0xDDB80813) addi a6, a6, 3547
x16 <- 0x7D5BFDDB7D5BFDDB
mem[X,0x00000000800001B8] -> 0xE8B7
mem[X,0x00000000800001BA] -> 0xFFFF
[115] [M]: 0x00000000800001B8 (0xFFFFE8B7) lui a7, 1048574
x17 <- 0xFFFFFFFFFFFFE000
mem[X,0x00000000800001BC] -> 0x889B
mem[X,0x00000000800001BE] -> 0xF578
[116] [M]: 0x00000000800001BC (0xF578889B) addiw a7, a7, 3927
x17 <- 0xFFFFFFFFFFFFDF57
mem[X,0x00000000800001C0] -> 0x9893
mem[X,0x00000000800001C2] -> 0x0138
[117] [M]: 0x00000000800001C0 (0x01389893) slli a7, a7, 19
x17 <- 0xFFFFFFFEFAB80000
mem[X,0x00000000800001C4] -> 0x8893
mem[X,0x00000000800001C6] -> 0xBB78
[118] [M]: 0x00000000800001C4 (0xBB788893) addi a7, a7, 2999
x17 <- 0xFFFFFFFEFAB7FBB7
mem[X,0x00000000800001C8] -> 0x9893
mem[X,0x00000000800001CA] -> 0x00D8
[119] [M]: 0x00000000800001C8 (0x00D89893) slli a7, a7, 13
x17 <- 0xFFFFDF56FF76E000
mem[X,0x00000000800001CC] -> 0x8893
mem[X,0x00000000800001CE] -> 0xF578
[120] [M]: 0x00000000800001CC (0xF5788893) addi a7, a7, 3927
x17 <- 0xFFFFDF56FF76DF57
mem[X,0x00000000800001D0] -> 0x9893
mem[X,0x00000000800001D2] -> 0x0118
[121] [M]: 0x00000000800001D0 (0x01189893) slli a7, a7, 17
x17 <- 0xBEADFEEDBEAE0000
mem[X,0x00000000800001D4] -> 0x8893
mem[X,0x00000000800001D6] -> 0xEED8
[122] [M]: 0x00000000800001D4 (0xEED88893) addi a7, a7, 3821
x17 <- 0xBEADFEEDBEADFEED
mem[X,0x00000000800001D8] -> 0xE937
mem[X,0x00000000800001DA] -> 0xFFFF
[123] [M]: 0x00000000800001D8 (0xFFFFE937) lui s2, 1048574
x18 <- 0xFFFFFFFFFFFFE000
mem[X,0x00000000800001DC] -> 0x091B
mem[X,0x00000000800001DE] -> 0xF579
[124] [M]: 0x00000000800001DC (0xF579091B) addiw s2, s2, 3927
x18 <- 0xFFFFFFFFFFFFDF57
mem[X,0x00000000800001E0] -> 0x1913
mem[X,0x00000000800001E2] -> 0x0139
[125] [M]: 0x00000000800001E0 (0x01391913) slli s2, s2, 19
x18 <- 0xFFFFFFFEFAB80000
mem[X,0x00000000800001E4] -> 0x0913
mem[X,0x00000000800001E6] -> 0xBB79
[126] [M]: 0x00000000800001E4 (0xBB790913) addi s2, s2, 2999
x18 <- 0xFFFFFFFEFAB7FBB7
mem[X,0x00000000800001E8] -> 0x1913
mem[X,0x00000000800001EA] -> 0x00D9
[127] [M]: 0x00000000800001E8 (0x00D91913) slli s2, s2, 13
x18 <- 0xFFFFDF56FF76E000
mem[X,0x00000000800001EC] -> 0x0913
mem[X,0x00000000800001EE] -> 0xF579
[128] [M]: 0x00000000800001EC (0xF5790913) addi s2, s2, 3927
x18 <- 0xFFFFDF56FF76DF57
mem[X,0x00000000800001F0] -> 0x1913
mem[X,0x00000000800001F2] -> 0x0109
[129] [M]: 0x00000000800001F0 (0x01091913) slli s2, s2, 16
x18 <- 0xDF56FF76DF570000
mem[X,0x00000000800001F4] -> 0x0913
mem[X,0x00000000800001F6] -> 0xF769
[130] [M]: 0x00000000800001F4 (0xF7690913) addi s2, s2, 3958
x18 <- 0xDF56FF76DF56FF76
mem[X,0x00000000800001F8] -> 0xE9B7
mem[X,0x00000000800001FA] -> 0x0000
[131] [M]: 0x00000000800001F8 (0x0000E9B7) lui s3, 14
x19 <- 0x000000000000E000
mem[X,0x00000000800001FC] -> 0x899B
mem[X,0x00000000800001FE] -> 0xF579
[132] [M]: 0x00000000800001FC (0xF579899B) addiw s3, s3, 3927
x19 <- 0x000000000000DF57
mem[X,0x0000000080000200] -> 0x9993
mem[X,0x0000000080000202] -> 0x0139
[133] [M]: 0x0000000080000200 (0x01399993) slli s3, s3, 19
x19 <- 0x00000006FAB80000
mem[X,0x0000000080000204] -> 0x8993
mem[X,0x0000000080000206] -> 0xBB79
[134] [M]: 0x0000000080000204 (0xBB798993) addi s3, s3, 2999
x19 <- 0x00000006FAB7FBB7
mem[X,0x0000000080000208] -> 0x9993
mem[X,0x000000008000020A] -> 0x00D9
[135] [M]: 0x0000000080000208 (0x00D99993) slli s3, s3, 13
x19 <- 0x0000DF56FF76E000
mem[X,0x000000008000020C] -> 0x8993
mem[X,0x000000008000020E] -> 0xF579
[136] [M]: 0x000000008000020C (0xF5798993) addi s3, s3, 3927
x19 <- 0x0000DF56FF76DF57
mem[X,0x0000000080000210] -> 0x9993
mem[X,0x0000000080000212] -> 0x00F9
[137] [M]: 0x0000000080000210 (0x00F99993) slli s3, s3, 15
x19 <- 0x6FAB7FBB6FAB8000
mem[X,0x0000000080000214] -> 0x8993
mem[X,0x0000000080000216] -> 0xFBB9
[138] [M]: 0x0000000080000214 (0xFBB98993) addi s3, s3, 4027
x19 <- 0x6FAB7FBB6FAB7FBB
mem[X,0x0000000080000218] -> 0xEA37
mem[X,0x000000008000021A] -> 0xFFFE
[139] [M]: 0x0000000080000218 (0xFFFEEA37) lui s4, 1048558
x20 <- 0xFFFFFFFFFFFEE000
mem[X,0x000000008000021C] -> 0x0A1B
mem[X,0x000000008000021E] -> 0xF57A
[140] [M]: 0x000000008000021C (0xF57A0A1B) addiw s4, s4, 3927
x20 <- 0xFFFFFFFFFFFEDF57
mem[X,0x0000000080000220] -> 0x1A13
mem[X,0x0000000080000222] -> 0x013A
[141] [M]: 0x0000000080000220 (0x013A1A13) slli s4, s4, 19
x20 <- 0xFFFFFFF6FAB80000
mem[X,0x0000000080000224] -> 0x0A13
mem[X,0x0000000080000226] -> 0xBB7A
[142] [M]: 0x0000000080000224 (0xBB7A0A13) addi s4, s4, 2999
x20 <- 0xFFFFFFF6FAB7FBB7
mem[X,0x0000000080000228] -> 0x1A13
mem[X,0x000000008000022A] -> 0x00DA
[143] [M]: 0x0000000080000228 (0x00DA1A13) slli s4, s4, 13
x20 <- 0xFFFEDF56FF76E000
mem[X,0x000000008000022C] -> 0x0A13
mem[X,0x000000008000022E] -> 0xF57A
[144] [M]: 0x000000008000022C (0xF57A0A13) addi s4, s4, 3927
x20 <- 0xFFFEDF56FF76DF57
mem[X,0x0000000080000230] -> 0x1A13
mem[X,0x0000000080000232] -> 0x00EA
[145] [M]: 0x0000000080000230 (0x00EA1A13) slli s4, s4, 14
x20 <- 0xB7D5BFDDB7D5C000
mem[X,0x0000000080000234] -> 0x0A13
mem[X,0x0000000080000236] -> 0xFDDA
[146] [M]: 0x0000000080000234 (0xFDDA0A13) addi s4, s4, 4061
x20 <- 0xB7D5BFDDB7D5BFDD
mem[X,0x0000000080000238] -> 0xEAB7
mem[X,0x000000008000023A] -> 0xFFFE
[147] [M]: 0x0000000080000238 (0xFFFEEAB7) lui s5, 1048558
x21 <- 0xFFFFFFFFFFFEE000
mem[X,0x000000008000023C] -> 0x8A9B
mem[X,0x000000008000023E] -> 0xF57A
[148] [M]: 0x000000008000023C (0xF57A8A9B) addiw s5, s5, 3927
x21 <- 0xFFFFFFFFFFFEDF57
mem[X,0x0000000080000240] -> 0x9A93
mem[X,0x0000000080000242] -> 0x013A
[149] [M]: 0x0000000080000240 (0x013A9A93) slli s5, s5, 19
x21 <- 0xFFFFFFF6FAB80000
mem[X,0x0000000080000244] -> 0x8A93
mem[X,0x0000000080000246] -> 0xBB7A
[150] [M]: 0x0000000080000244 (0xBB7A8A93) addi s5, s5, 2999
x21 <- 0xFFFFFFF6FAB7FBB7
mem[X,0x0000000080000248] -> 0x9A93
mem[X,0x000000008000024A] -> 0x00DA
[151] [M]: 0x0000000080000248 (0x00DA9A93) slli s5, s5, 13
x21 <- 0xFFFEDF56FF76E000
mem[X,0x000000008000024C] -> 0x8A93
mem[X,0x000000008000024E] -> 0xF57A
[152] [M]: 0x000000008000024C (0xF57A8A93) addi s5, s5, 3927
x21 <- 0xFFFEDF56FF76DF57
mem[X,0x0000000080000250] -> 0x9A93
mem[X,0x0000000080000252] -> 0x00DA
[153] [M]: 0x0000000080000250 (0x00DA9A93) slli s5, s5, 13
x21 <- 0xDBEADFEEDBEAE000
mem[X,0x0000000080000254] -> 0x8A93
mem[X,0x0000000080000256] -> 0xFEEA
[154] [M]: 0x0000000080000254 (0xFEEA8A93) addi s5, s5, 4078
x21 <- 0xDBEADFEEDBEADFEE
mem[X,0x0000000080000258] -> 0xEB37
mem[X,0x000000008000025A] -> 0x0006
[155] [M]: 0x0000000080000258 (0x0006EB37) lui s6, 110
x22 <- 0x000000000006E000
mem[X,0x000000008000025C] -> 0x0B1B
mem[X,0x000000008000025E] -> 0xF57B
[156] [M]: 0x000000008000025C (0xF57B0B1B) addiw s6, s6, 3927
x22 <- 0x000000000006DF57
mem[X,0x0000000080000260] -> 0x1B13
mem[X,0x0000000080000262] -> 0x013B
[157] [M]: 0x0000000080000260 (0x013B1B13) slli s6, s6, 19
x22 <- 0x00000036FAB80000
mem[X,0x0000000080000264] -> 0x0B13
mem[X,0x0000000080000266] -> 0xBB7B
[158] [M]: 0x0000000080000264 (0xBB7B0B13) addi s6, s6, 2999
x22 <- 0x00000036FAB7FBB7
mem[X,0x0000000080000268] -> 0x1B13
mem[X,0x000000008000026A] -> 0x00DB
[159] [M]: 0x0000000080000268 (0x00DB1B13) slli s6, s6, 13
x22 <- 0x0006DF56FF76E000
mem[X,0x000000008000026C] -> 0x0B13
mem[X,0x000000008000026E] -> 0xF57B
[160] [M]: 0x000000008000026C (0xF57B0B13) addi s6, s6, 3927
x22 <- 0x0006DF56FF76DF57
mem[X,0x0000000080000270] -> 0x1B13
mem[X,0x0000000080000272] -> 0x00CB
[161] [M]: 0x0000000080000270 (0x00CB1B13) slli s6, s6, 12
x22 <- 0x6DF56FF76DF57000
mem[X,0x0000000080000274] -> 0x0B13
mem[X,0x0000000080000276] -> 0xFF7B
[162] [M]: 0x0000000080000274 (0xFF7B0B13) addi s6, s6, 4087
x22 <- 0x6DF56FF76DF56FF7
mem[X,0x0000000080000278] -> 0xEBB7
mem[X,0x000000008000027A] -> 0xFFF6
[163] [M]: 0x0000000080000278 (0xFFF6EBB7) lui s7, 1048430
x23 <- 0xFFFFFFFFFFF6E000
mem[X,0x000000008000027C] -> 0x8B9B
mem[X,0x000000008000027E] -> 0xF57B
[164] [M]: 0x000000008000027C (0xF57B8B9B) addiw s7, s7, 3927
x23 <- 0xFFFFFFFFFFF6DF57
mem[X,0x0000000080000280] -> 0x9B93
mem[X,0x0000000080000282] -> 0x013B
[165] [M]: 0x0000000080000280 (0x013B9B93) slli s7, s7, 19
x23 <- 0xFFFFFFB6FAB80000
mem[X,0x0000000080000284] -> 0x8B93
mem[X,0x0000000080000286] -> 0xBB7B
[166] [M]: 0x0000000080000284 (0xBB7B8B93) addi s7, s7, 2999
x23 <- 0xFFFFFFB6FAB7FBB7
mem[X,0x0000000080000288] -> 0x9B93
mem[X,0x000000008000028A] -> 0x00CB
[167] [M]: 0x0000000080000288 (0x00CB9B93) slli s7, s7, 12
x23 <- 0xFFFB6FAB7FBB7000
mem[X,0x000000008000028C] -> 0x8B93
mem[X,0x000000008000028E] -> 0xFABB
[168] [M]: 0x000000008000028C (0xFABB8B93) addi s7, s7, 4011
x23 <- 0xFFFB6FAB7FBB6FAB
mem[X,0x0000000080000290] -> 0x9B93
mem[X,0x0000000080000292] -> 0x00CB
[169] [M]: 0x0000000080000290 (0x00CB9B93) slli s7, s7, 12
x23 <- 0xB6FAB7FBB6FAB000
mem[X,0x0000000080000294] -> 0x8B93
mem[X,0x0000000080000296] -> 0x7FBB
[170] [M]: 0x0000000080000294 (0x7FBB8B93) addi s7, s7, 2043
x23 <- 0xB6FAB7FBB6FAB7FB
mem[X,0x0000000080000298] -> 0xEC37
mem[X,0x000000008000029A] -> 0xFFF6
[171] [M]: 0x0000000080000298 (0xFFF6EC37) lui s8, 1048430
x24 <- 0xFFFFFFFFFFF6E000
mem[X,0x000000008000029C] -> 0x0C1B
mem[X,0x000000008000029E] -> 0xF57C
[172] [M]: 0x000000008000029C (0xF57C0C1B) addiw s8, s8, 3927
x24 <- 0xFFFFFFFFFFF6DF57
mem[X,0x00000000800002A0] -> 0x1C13
mem[X,0x00000000800002A2] -> 0x010C
[173] [M]: 0x00000000800002A0 (0x010C1C13) slli s8, s8, 16
x24 <- 0xFFFFFFF6DF570000
mem[X,0x00000000800002A4] -> 0x0C13
mem[X,0x00000000800002A6] -> 0xF77C
[174] [M]: 0x00000000800002A4 (0xF77C0C13) addi s8, s8, 3959
x24 <- 0xFFFFFFF6DF56FF77
mem[X,0x00000000800002A8] -> 0x1C13
mem[X,0x00000000800002AA] -> 0x00DC
[175] [M]: 0x00000000800002A8 (0x00DC1C13) slli s8, s8, 13
x24 <- 0xFFFEDBEADFEEE000
mem[X,0x00000000800002AC] -> 0x0C13
mem[X,0x00000000800002AE] -> 0xBEBC
[176] [M]: 0x00000000800002AC (0xBEBC0C13) addi s8, s8, 3051
x24 <- 0xFFFEDBEADFEEDBEB
mem[X,0x00000000800002B0] -> 0x1C13
mem[X,0x00000000800002B2] -> 0x00DC
[177] [M]: 0x00000000800002B0 (0x00DC1C13) slli s8, s8, 13
x24 <- 0xDB7D5BFDDB7D6000
mem[X,0x00000000800002B4] -> 0x0C13
mem[X,0x00000000800002B6] -> 0xBFDC
[178] [M]: 0x00000000800002B4 (0xBFDC0C13) addi s8, s8, 3069
x24 <- 0xDB7D5BFDDB7D5BFD
mem[X,0x00000000800002B8] -> 0xECB7
mem[X,0x00000000800002BA] -> 0xFFF6
[179] [M]: 0x00000000800002B8 (0xFFF6ECB7) lui s9, 1048430
x25 <- 0xFFFFFFFFFFF6E000
mem[X,0x00000000800002BC] -> 0x8C9B
mem[X,0x00000000800002BE] -> 0xF57C
[180] [M]: 0x00000000800002BC (0xF57C8C9B) addiw s9, s9, 3927
x25 <- 0xFFFFFFFFFFF6DF57
mem[X,0x00000000800002C0] -> 0x9C93
mem[X,0x00000000800002C2] -> 0x010C
[181] [M]: 0x00000000800002C0 (0x010C9C93) slli s9, s9, 16
x25 <- 0xFFFFFFF6DF570000
mem[X,0x00000000800002C4] -> 0x8C93
mem[X,0x00000000800002C6] -> 0xF77C
[182] [M]: 0x00000000800002C4 (0xF77C8C93) addi s9, s9, 3959
x25 <- 0xFFFFFFF6DF56FF77
mem[X,0x00000000800002C8] -> 0x9C93
mem[X,0x00000000800002CA] -> 0x00DC
[183] [M]: 0x00000000800002C8 (0x00DC9C93) slli s9, s9, 13
x25 <- 0xFFFEDBEADFEEE000
mem[X,0x00000000800002CC] -> 0x8C93
mem[X,0x00000000800002CE] -> 0xBEBC
[184] [M]: 0x00000000800002CC (0xBEBC8C93) addi s9, s9, 3051
x25 <- 0xFFFEDBEADFEEDBEB
mem[X,0x00000000800002D0] -> 0x9C93
mem[X,0x00000000800002D2] -> 0x00CC
[185] [M]: 0x00000000800002D0 (0x00CC9C93) slli s9, s9, 12
x25 <- 0xEDBEADFEEDBEB000
mem[X,0x00000000800002D4] -> 0x8C93
mem[X,0x00000000800002D6] -> 0xDFEC
[186] [M]: 0x00000000800002D4 (0xDFEC8C93) addi s9, s9, 3582
x25 <- 0xEDBEADFEEDBEADFE
mem[X,0x00000000800002D8] -> 0xED37
mem[X,0x00000000800002DA] -> 0x0076
[187] [M]: 0x00000000800002D8 (0x0076ED37) lui s10, 1902
x26 <- 0x000000000076E000
mem[X,0x00000000800002DC] -> 0x0D1B
mem[X,0x00000000800002DE] -> 0xF57D
[188] [M]: 0x00000000800002DC (0xF57D0D1B) addiw s10, s10, 3927
x26 <- 0x000000000076DF57
mem[X,0x00000000800002E0] -> 0x1D13
mem[X,0x00000000800002E2] -> 0x010D
[189] [M]: 0x00000000800002E0 (0x010D1D13) slli s10, s10, 16
x26 <- 0x00000076DF570000
mem[X,0x00000000800002E4] -> 0x0D13
mem[X,0x00000000800002E6] -> 0xF77D
[190] [M]: 0x00000000800002E4 (0xF77D0D13) addi s10, s10, 3959
x26 <- 0x00000076DF56FF77
mem[X,0x00000000800002E8] -> 0x1D13
mem[X,0x00000000800002EA] -> 0x00CD
[191] [M]: 0x00000000800002E8 (0x00CD1D13) slli s10, s10, 12
x26 <- 0x00076DF56FF77000
mem[X,0x00000000800002EC] -> 0x0D13
mem[X,0x00000000800002EE] -> 0xDF5D
[192] [M]: 0x00000000800002EC (0xDF5D0D13) addi s10, s10, 3573
x26 <- 0x00076DF56FF76DF5
mem[X,0x00000000800002F0] -> 0x1D13
mem[X,0x00000000800002F2] -> 0x00CD
[193] [M]: 0x00000000800002F0 (0x00CD1D13) slli s10, s10, 12
x26 <- 0x76DF56FF76DF5000
mem[X,0x00000000800002F4] -> 0x0D13
mem[X,0x00000000800002F6] -> 0x6FFD
[194] [M]: 0x00000000800002F4 (0x6FFD0D13) addi s10, s10, 1791
x26 <- 0x76DF56FF76DF56FF
mem[X,0x00000000800002F8] -> 0xEDB7
mem[X,0x00000000800002FA] -> 0xFF76
[195] [M]: 0x00000000800002F8 (0xFF76EDB7) lui s11, 1046382
x27 <- 0xFFFFFFFFFF76E000
mem[X,0x00000000800002FC] -> 0x8D9B
mem[X,0x00000000800002FE] -> 0xF57D
[196] [M]: 0x00000000800002FC (0xF57D8D9B) addiw s11, s11, 3927
x27 <- 0xFFFFFFFFFF76DF57
mem[X,0x0000000080000300] -> 0x9D93
mem[X,0x0000000080000302] -> 0x00FD
[197] [M]: 0x0000000080000300 (0x00FD9D93) slli s11, s11, 15
x27 <- 0xFFFFFFBB6FAB8000
mem[X,0x0000000080000304] -> 0x8D93
mem[X,0x0000000080000306] -> 0xFBBD
[198] [M]: 0x0000000080000304 (0xFBBD8D93) addi s11, s11, 4027
x27 <- 0xFFFFFFBB6FAB7FBB
mem[X,0x0000000080000308] -> 0x9D93
mem[X,0x000000008000030A] -> 0x00CD
[199] [M]: 0x0000000080000308 (0x00CD9D93) slli s11, s11, 12
x27 <- 0xFFFBB6FAB7FBB000
clint::tick mtime <- 0x0000000000000002
 clint timer pending at mtime 0x0000000000000002
htif::tick 0x0000000000000000
mem[X,0x000000008000030C] -> 0x8D93
mem[X,0x000000008000030E] -> 0x6FBD
[200] [M]: 0x000000008000030C (0x6FBD8D93) addi s11, s11, 1787
x27 <- 0xFFFBB6FAB7FBB6FB
mem[X,0x0000000080000310] -> 0x9D93
mem[X,0x0000000080000312] -> 0x00CD
[201] [M]: 0x0000000080000310 (0x00CD9D93) slli s11, s11, 12
x27 <- 0xBB6FAB7FBB6FB000
mem[X,0x0000000080000314] -> 0x8D93
mem[X,0x0000000080000316] -> 0xB7FD
[202] [M]: 0x0000000080000314 (0xB7FD8D93) addi s11, s11, 2943
x27 <- 0xBB6FAB7FBB6FAB7F
mem[X,0x0000000080000318] -> 0xEE37
mem[X,0x000000008000031A] -> 0xFF76
[203] [M]: 0x0000000080000318 (0xFF76EE37) lui t3, 1046382
x28 <- 0xFFFFFFFFFF76E000
mem[X,0x000000008000031C] -> 0x0E1B
mem[X,0x000000008000031E] -> 0xF57E
[204] [M]: 0x000000008000031C (0xF57E0E1B) addiw t3, t3, 3927
x28 <- 0xFFFFFFFFFF76DF57
mem[X,0x0000000080000320] -> 0x1E13
mem[X,0x0000000080000322] -> 0x00DE
[205] [M]: 0x0000000080000320 (0x00DE1E13) slli t3, t3, 13
x28 <- 0xFFFFFFEEDBEAE000
mem[X,0x0000000080000324] -> 0x0E13
mem[X,0x0000000080000326] -> 0xFEFE
[206] [M]: 0x0000000080000324 (0xFEFE0E13) addi t3, t3, 4079
x28 <- 0xFFFFFFEEDBEADFEF
mem[X,0x0000000080000328] -> 0x1E13
mem[X,0x000000008000032A] -> 0x00DE
[207] [M]: 0x0000000080000328 (0x00DE1E13) slli t3, t3, 13
x28 <- 0xFFFDDB7D5BFDE000
mem[X,0x000000008000032C] -> 0x0E13
mem[X,0x000000008000032E] -> 0xB7DE
[208] [M]: 0x000000008000032C (0xB7DE0E13) addi t3, t3, 2941
x28 <- 0xFFFDDB7D5BFDDB7D
mem[X,0x0000000080000330] -> 0x1E13
mem[X,0x0000000080000332] -> 0x00CE
[209] [M]: 0x0000000080000330 (0x00CE1E13) slli t3, t3, 12
x28 <- 0xDDB7D5BFDDB7D000
mem[X,0x0000000080000334] -> 0x0E13
mem[X,0x0000000080000336] -> 0x5BFE
[210] [M]: 0x0000000080000334 (0x5BFE0E13) addi t3, t3, 1471
x28 <- 0xDDB7D5BFDDB7D5BF
mem[X,0x0000000080000338] -> 0xEEB7
mem[X,0x000000008000033A] -> 0xFF76
[211] [M]: 0x0000000080000338 (0xFF76EEB7) lui t4, 1046382
x29 <- 0xFFFFFFFFFF76E000
mem[X,0x000000008000033C] -> 0x8E9B
mem[X,0x000000008000033E] -> 0xF57E
[212] [M]: 0x000000008000033C (0xF57E8E9B) addiw t4, t4, 3927
x29 <- 0xFFFFFFFFFF76DF57
mem[X,0x0000000080000340] -> 0x9E93
mem[X,0x0000000080000342] -> 0x00DE
[213] [M]: 0x0000000080000340 (0x00DE9E93) slli t4, t4, 13
x29 <- 0xFFFFFFEEDBEAE000
mem[X,0x0000000080000344] -> 0x8E93
mem[X,0x0000000080000346] -> 0xFEFE
[214] [M]: 0x0000000080000344 (0xFEFE8E93) addi t4, t4, 4079
x29 <- 0xFFFFFFEEDBEADFEF
mem[X,0x0000000080000348] -> 0x9E93
mem[X,0x000000008000034A] -> 0x00CE
[215] [M]: 0x0000000080000348 (0x00CE9E93) slli t4, t4, 12
x29 <- 0xFFFEEDBEADFEF000
mem[X,0x000000008000034C] -> 0x8E93
mem[X,0x000000008000034E] -> 0xDBFE
[216] [M]: 0x000000008000034C (0xDBFE8E93) addi t4, t4, 3519
x29 <- 0xFFFEEDBEADFEEDBF
mem[X,0x0000000080000350] -> 0x9E93
mem[X,0x0000000080000352] -> 0x00CE
[217] [M]: 0x0000000080000350 (0x00CE9E93) slli t4, t4, 12
x29 <- 0xEEDBEADFEEDBF000
mem[X,0x0000000080000354] -> 0x8E93
mem[X,0x0000000080000356] -> 0xADFE
[218] [M]: 0x0000000080000354 (0xADFE8E93) addi t4, t4, 2783
x29 <- 0xEEDBEADFEEDBEADF
mem[X,0x0000000080000358] -> 0xEF37
mem[X,0x000000008000035A] -> 0xFF76
[219] [M]: 0x0000000080000358 (0xFF76EF37) lui t5, 1046382
x30 <- 0xFFFFFFFFFF76E000
mem[X,0x000000008000035C] -> 0x0F1B
mem[X,0x000000008000035E] -> 0xF57F
[220] [M]: 0x000000008000035C (0xF57F0F1B) addiw t5, t5, 3927
x30 <- 0xFFFFFFFFFF76DF57
mem[X,0x0000000080000360] -> 0x1F13
mem[X,0x0000000080000362] -> 0x00CF
[221] [M]: 0x0000000080000360 (0x00CF1F13) slli t5, t5, 12
x30 <- 0xFFFFFFF76DF57000
mem[X,0x0000000080000364] -> 0x0F13
mem[X,0x0000000080000366] -> 0xFF7F
[222] [M]: 0x0000000080000364 (0xFF7F0F13) addi t5, t5, 4087
x30 <- 0xFFFFFFF76DF56FF7
mem[X,0x0000000080000368] -> 0x1F13
mem[X,0x000000008000036A] -> 0x00CF
[223] [M]: 0x0000000080000368 (0x00CF1F13) slli t5, t5, 12
x30 <- 0xFFFF76DF56FF7000
mem[X,0x000000008000036C] -> 0x0F13
mem[X,0x000000008000036E] -> 0x6DFF
[224] [M]: 0x000000008000036C (0x6DFF0F13) addi t5, t5, 1759
x30 <- 0xFFFF76DF56FF76DF
mem[X,0x0000000080000370] -> 0x1F13
mem[X,0x0000000080000372] -> 0x00CF
[225] [M]: 0x0000000080000370 (0x00CF1F13) slli t5, t5, 12
x30 <- 0xF76DF56FF76DF000
mem[X,0x0000000080000374] -> 0x0F13
mem[X,0x0000000080000376] -> 0x56FF
[226] [M]: 0x0000000080000374 (0x56FF0F13) addi t5, t5, 1391
x30 <- 0xF76DF56FF76DF56F
mem[X,0x0000000080000378] -> 0xEFB7
mem[X,0x000000008000037A] -> 0xFF76
[227] [M]: 0x0000000080000378 (0xFF76EFB7) lui t6, 1046382
x31 <- 0xFFFFFFFFFF76E000
mem[X,0x000000008000037C] -> 0x8F9B
mem[X,0x000000008000037E] -> 0xF57F
[228] [M]: 0x000000008000037C (0xF57F8F9B) addiw t6, t6, 3927
x31 <- 0xFFFFFFFFFF76DF57
mem[X,0x0000000080000380] -> 0x9F93
mem[X,0x0000000080000382] -> 0x013F
[229] [M]: 0x0000000080000380 (0x013F9F93) slli t6, t6, 19
x31 <- 0xFFFFFBB6FAB80000
mem[X,0x0000000080000384] -> 0x8F93
mem[X,0x0000000080000386] -> 0xBB7F
[230] [M]: 0x0000000080000384 (0xBB7F8F93) addi t6, t6, 2999
x31 <- 0xFFFFFBB6FAB7FBB7
mem[X,0x0000000080000388] -> 0x9F93
mem[X,0x000000008000038A] -> 0x010F
[231] [M]: 0x0000000080000388 (0x010F9F93) slli t6, t6, 16
x31 <- 0xFBB6FAB7FBB70000
mem[X,0x000000008000038C] -> 0x8F93
mem[X,0x000000008000038E] -> 0xAB7F
[232] [M]: 0x000000008000038C (0xAB7F8F93) addi t6, t6, 2743
x31 <- 0xFBB6FAB7FBB6FAB7
mem[X,0x0000000080000390] -> 0x5317
mem[X,0x0000000080000392] -> 0x0000
[233] [M]: 0x0000000080000390 (0x00005317) auipc t1, 5
x6 <- 0x0000000080005390
mem[X,0x0000000080000394] -> 0x0313
mem[X,0x0000000080000396] -> 0xE803
[234] [M]: 0x0000000080000394 (0xE8030313) addi t1, t1, 3712
x6 <- 0x0000000080005210
mem[X,0x0000000080000398] -> 0x5817
mem[X,0x000000008000039A] -> 0x0000
[235] [M]: 0x0000000080000398 (0x00005817) auipc a6, 5
x16 <- 0x0000000080005398
mem[X,0x000000008000039C] -> 0x0813
mem[X,0x000000008000039E] -> 0xE788
[236] [M]: 0x000000008000039C (0xE7880813) addi a6, a6, 3704
x16 <- 0x0000000080005210
mem[X,0x00000000800003A0] -> 0x4117
mem[X,0x00000000800003A2] -> 0x0000
[237] [M]: 0x00000000800003A0 (0x00004117) auipc sp, 4
x2 <- 0x00000000800043A0
mem[X,0x00000000800003A4] -> 0x0113
mem[X,0x00000000800003A6] -> 0x4681
[238] [M]: 0x00000000800003A4 (0x46810113) addi sp, sp, 1128
x2 <- 0x0000000080004808
mem[X,0x00000000800003A8] -> 0x1073
mem[X,0x00000000800003AA] -> 0x3401
[239] [M]: 0x00000000800003A8 (0x34011073) csrrw zero, mscratch, sp
CSR mscratch -> 0x0000000000000000
CSR mscratch <- 0x0000000080004808 (input: 0x0000000080004808)
mem[X,0x00000000800003AC] -> 0x5117
mem[X,0x00000000800003AE] -> 0x0000
[240] [M]: 0x00000000800003AC (0x00005117) auipc sp, 5
x2 <- 0x00000000800053AC
mem[X,0x00000000800003B0] -> 0x0113
mem[X,0x00000000800003B2] -> 0xC5C1
[241] [M]: 0x00000000800003B0 (0xC5C10113) addi sp, sp, 3164
x2 <- 0x0000000080005008
mem[X,0x00000000800003B4] -> 0x1073
mem[X,0x00000000800003B6] -> 0x1401
[242] [M]: 0x00000000800003B4 (0x14011073) csrrw zero, sscratch, sp
CSR sscratch -> 0x0000000000000000
CSR sscratch <- 0x0000000080005008 (input: 0x0000000080005008)
mem[X,0x00000000800003B8] -> 0x4117
mem[X,0x00000000800003BA] -> 0x0000
[243] [M]: 0x00000000800003B8 (0x00004117) auipc sp, 4
x2 <- 0x00000000800043B8
mem[X,0x00000000800003BC] -> 0x0113
mem[X,0x00000000800003BE] -> 0xC501
[244] [M]: 0x00000000800003BC (0xC5010113) addi sp, sp, 3152
x2 <- 0x0000000080004008
mem[X,0x00000000800003C0] -> 0xD073
mem[X,0x00000000800003C2] -> 0x3A07
[245] [M]: 0x00000000800003C0 (0x3A07D073) csrrwi zero, pmpcfg0, 15
CSR pmpcfg0 -> 0x0000000000000000
CSR pmpcfg0 <- 0x000000000000000F (input: 0x000000000000000F)
mem[X,0x00000000800003C4] -> 0x029B
mem[X,0x00000000800003C6] -> 0x0010
[246] [M]: 0x00000000800003C4 (0x0010029B) addiw t0, zero, 1
x5 <- 0x0000000000000001
mem[X,0x00000000800003C8] -> 0x9293
mem[X,0x00000000800003CA] -> 0x0202
[247] [M]: 0x00000000800003C8 (0x02029293) slli t0, t0, 32
x5 <- 0x0000000100000000
mem[X,0x00000000800003CC] -> 0x8293
mem[X,0x00000000800003CE] -> 0xFFF2
[248] [M]: 0x00000000800003CC (0xFFF28293) addi t0, t0, 4095
x5 <- 0x00000000FFFFFFFF
mem[X,0x00000000800003D0] -> 0x9073
mem[X,0x00000000800003D2] -> 0x3B02
[249] [M]: 0x00000000800003D0 (0x3B029073) csrrw zero, pmpaddr0, t0
CSR pmpaddr0 -> 0x0000000000000000
CSR pmpaddr0 <- 0x00000000FFFFFFFF (input: 0x00000000FFFFFFFF)
mem[X,0x00000000800003D4] -> 0x0097
mem[X,0x00000000800003D6] -> 0x0000
[250] [M]: 0x00000000800003D4 (0x00000097) auipc ra, 0
x1 <- 0x00000000800003D4
mem[X,0x00000000800003D8] -> 0x8093
mem[X,0x00000000800003DA] -> 0x06C0
[251] [M]: 0x00000000800003D8 (0x06C08093) addi ra, ra, 108
x1 <- 0x0000000080000440
mem[X,0x00000000800003DC] -> 0xE093
mem[X,0x00000000800003DE] -> 0x0010
[252] [M]: 0x00000000800003DC (0x0010E093) ori ra, ra, 1
x1 <- 0x0000000080000441
mem[X,0x00000000800003E0] -> 0x9273
mem[X,0x00000000800003E2] -> 0x3050
[253] [M]: 0x00000000800003E0 (0x30509273) csrrw tp, mtvec, ra
CSR mtvec -> 0x0000000000000000
CSR mtvec <- 0x0000000080000441 (input: 0x0000000080000441)
x4 <- 0x0000000000000000
mem[X,0x00000000800003E4] -> 0x0513
mem[X,0x00000000800003E6] -> 0x0000
[254] [M]: 0x00000000800003E4 (0x00000513) addi a0, zero, 0
x10 <- 0x0000000000000000
mem[X,0x00000000800003E8] -> 0x0593
mem[X,0x00000000800003EA] -> 0x0000
[255] [M]: 0x00000000800003E8 (0x00000593) addi a1, zero, 0
x11 <- 0x0000000000000000
mem[X,0x00000000800003EC] -> 0x0613
mem[X,0x00000000800003EE] -> 0x0000
[256] [M]: 0x00000000800003EC (0x00000613) addi a2, zero, 0
x12 <- 0x0000000000000000
mem[X,0x00000000800003F0] -> 0x4EB7
mem[X,0x00000000800003F2] -> 0x0200
[257] [M]: 0x00000000800003F0 (0x02004EB7) lui t4, 8196
x29 <- 0x0000000002004000
mem[X,0x00000000800003F4] -> 0x0F1B
mem[X,0x00000000800003F6] -> 0x0010
[258] [M]: 0x00000000800003F4 (0x00100F1B) addiw t5, zero, 1
x30 <- 0x0000000000000001
mem[X,0x00000000800003F8] -> 0x1F13
mem[X,0x00000000800003FA] -> 0x020F
[259] [M]: 0x00000000800003F8 (0x020F1F13) slli t5, t5, 32
x30 <- 0x0000000100000000
mem[X,0x00000000800003FC] -> 0x0F13
mem[X,0x00000000800003FE] -> 0xFFFF
[260] [M]: 0x00000000800003FC (0xFFFF0F13) addi t5, t5, 4095
x30 <- 0x00000000FFFFFFFF
mem[X,0x0000000080000400] -> 0xB023
mem[X,0x0000000080000402] -> 0x01EE
[261] [M]: 0x0000000080000400 (0x01EEB023) sd t5, 0(t4)
clint<8>[0x0000000000004000] <- 0x00000000FFFFFFFF (mtimecmp)
clint::tick mtime <- 0x0000000000000002
mem[X,0x0000000080000404] -> 0x006F
mem[X,0x0000000080000406] -> 0x3F40
[262] [M]: 0x0000000080000404 (0x3F40006F) jal zero, 1012
mem[X,0x00000000800007F8] -> 0x0513
mem[X,0x00000000800007FA] -> 0x0040
[263] [M]: 0x00000000800007F8 (0x00400513) addi a0, zero, 4
x10 <- 0x0000000000000004
mem[X,0x00000000800007FC] -> 0x0593
mem[X,0x00000000800007FE] -> 0x0000
[264] [M]: 0x00000000800007FC (0x00000593) addi a1, zero, 0
x11 <- 0x0000000000000000
mem[X,0x0000000080000800] -> 0x0613
mem[X,0x0000000080000802] -> 0x0000
[265] [M]: 0x0000000080000800 (0x00000613) addi a2, zero, 0
x12 <- 0x0000000000000000
mem[X,0x0000000080000804] -> 0x0073
mem[X,0x0000000080000806] -> 0x0000
[266] [M]: 0x0000000080000804 (0x00000073) ecall
trapping from M to M to handle m-call
handling exc#0x0B at priv M with tval 0x0000000000000000
CSR mstatus <- 0x0000000A00001800
mem[X,0x0000000080000440] -> 0x006F
mem[X,0x0000000080000442] -> 0x0300
[267] [M]: 0x0000000080000440 (0x0300006F) jal zero, 48
mem[X,0x0000000080000470] -> 0x1173
mem[X,0x0000000080000472] -> 0x3401
[268] [M]: 0x0000000080000470 (0x34011173) csrrw sp, mscratch, sp
CSR mscratch -> 0x0000000080004808
CSR mscratch <- 0x0000000080004008 (input: 0x0000000080004008)
x2 <- 0x0000000080004808
mem[X,0x0000000080000474] -> 0x3C23
mem[X,0x0000000080000476] -> 0xFE11
[269] [M]: 0x0000000080000474 (0xFE113C23) sd ra, 4088(sp)
mem[0x0000000080004800] <- 0x0000000080000441
mem[X,0x0000000080000478] -> 0x3823
mem[X,0x000000008000047A] -> 0xFE51
[270] [M]: 0x0000000080000478 (0xFE513823) sd t0, 4080(sp)
mem[0x00000000800047F8] <- 0x00000000FFFFFFFF
mem[X,0x000000008000047C] -> 0x3423
mem[X,0x000000008000047E] -> 0xFE71
[271] [M]: 0x000000008000047C (0xFE713423) sd t2, 4072(sp)
mem[0x00000000800047F0] <- 0xB7FBB6FAB7FBB6FA
mem[X,0x0000000080000480] -> 0x20F3
mem[X,0x0000000080000482] -> 0x3420
[272] [M]: 0x0000000080000480 (0x342020F3) csrrs ra, mcause, zero
CSR mcause -> 0x000000000000000B
x1 <- 0x000000000000000B
mem[X,0x0000000080000484] -> 0x3023
mem[X,0x0000000080000486] -> 0x0018
[273] [M]: 0x0000000080000484 (0x00183023) sd ra, 0(a6)
mem[0x0000000080005210] <- 0x000000000000000B
mem[X,0x0000000080000488] -> 0x0313
mem[X,0x000000008000048A] -> 0x0083
[274] [M]: 0x0000000080000488 (0x00830313) addi t1, t1, 8
x6 <- 0x0000000080005218
mem[X,0x000000008000048C] -> 0x0813
mem[X,0x000000008000048E] -> 0x0088
[275] [M]: 0x000000008000048C (0x00880813) addi a6, a6, 8
x16 <- 0x0000000080005218
mem[X,0x0000000080000490] -> 0x20F3
mem[X,0x0000000080000492] -> 0x3420
[276] [M]: 0x0000000080000490 (0x342020F3) csrrs ra, mcause, zero
CSR mcause -> 0x000000000000000B
x1 <- 0x000000000000000B
mem[X,0x0000000080000494] -> 0x029B
mem[X,0x0000000080000496] -> 0xFFF0
[277] [M]: 0x0000000080000494 (0xFFF0029B) addiw t0, zero, 4095
x5 <- 0xFFFFFFFFFFFFFFFF
mem[X,0x0000000080000498] -> 0x9293
mem[X,0x000000008000049A] -> 0x03F2
[278] [M]: 0x0000000080000498 (0x03F29293) slli t0, t0, 63
x5 <- 0x8000000000000000
mem[X,0x000000008000049C] -> 0xF2B3
mem[X,0x000000008000049E] -> 0x0012
[279] [M]: 0x000000008000049C (0x0012F2B3) and t0, t0, ra
x5 <- 0x0000000000000000
mem[X,0x00000000800004A0] -> 0x9E63
mem[X,0x00000000800004A2] -> 0x0002
[280] [M]: 0x00000000800004A0 (0x00029E63) bne t0, zero, 28
mem[X,0x00000000800004A4] -> 0x0297
mem[X,0x00000000800004A6] -> 0x0000
[281] [M]: 0x00000000800004A4 (0x00000297) auipc t0, 0
x5 <- 0x00000000800004A4
mem[X,0x00000000800004A8] -> 0x8293
mem[X,0x00000000800004AA] -> 0x2542
[282] [M]: 0x00000000800004A8 (0x25428293) addi t0, t0, 596
x5 <- 0x00000000800006F8
mem[X,0x00000000800004AC] -> 0x9093
mem[X,0x00000000800004AE] -> 0x0030
[283] [M]: 0x00000000800004AC (0x00309093) slli ra, ra, 3
x1 <- 0x0000000000000058
mem[X,0x00000000800004B0] -> 0x82B3
mem[X,0x00000000800004B2] -> 0x0012
[284] [M]: 0x00000000800004B0 (0x001282B3) add t0, t0, ra
x5 <- 0x0000000080000750
mem[X,0x00000000800004B4] -> 0xB283
mem[X,0x00000000800004B6] -> 0x0002
[285] [M]: 0x00000000800004B4 (0x0002B283) ld t0, 0(t0)
mem[R,0x0000000080000750] -> 0x0000000080000560
x5 <- 0x0000000080000560
mem[X,0x00000000800004B8] -> 0x8067
mem[X,0x00000000800004BA] -> 0x0002
[286] [M]: 0x00000000800004B8 (0x00028067) jalr zero, t0, 0
mem[X,0x0000000080000560] -> 0x0293
mem[X,0x0000000080000562] -> 0x0020
[287] [M]: 0x0000000080000560 (0x00200293) addi t0, zero, 2
x5 <- 0x0000000000000002
mem[X,0x0000000080000564] -> 0x0C63
mem[X,0x0000000080000566] -> 0x0055
[288] [M]: 0x0000000080000564 (0x00550C63) beq a0, t0, 24
mem[X,0x0000000080000568] -> 0x0293
mem[X,0x000000008000056A] -> 0x0030
[289] [M]: 0x0000000080000568 (0x00300293) addi t0, zero, 3
x5 <- 0x0000000000000003
mem[X,0x000000008000056C] -> 0x0063
mem[X,0x000000008000056E] -> 0x0255
[290] [M]: 0x000000008000056C (0x02550063) beq a0, t0, 32
mem[X,0x0000000080000570] -> 0x0293
mem[X,0x0000000080000572] -> 0x0040
[291] [M]: 0x0000000080000570 (0x00400293) addi t0, zero, 4
x5 <- 0x0000000000000004
mem[X,0x0000000080000574] -> 0x0863
mem[X,0x0000000080000576] -> 0x0255
[292] [M]: 0x0000000080000574 (0x02550863) beq a0, t0, 48
mem[X,0x00000000800005A4] -> 0x20B7
mem[X,0x00000000800005A6] -> 0x0000
[293] [M]: 0x00000000800005A4 (0x000020B7) lui ra, 2
x1 <- 0x0000000000002000
mem[X,0x00000000800005A8] -> 0x809B
mem[X,0x00000000800005AA] -> 0x9000
[294] [M]: 0x00000000800005A8 (0x9000809B) addiw ra, ra, 2304
x1 <- 0x0000000000001900
mem[X,0x00000000800005AC] -> 0xB073
mem[X,0x00000000800005AE] -> 0x3000
[295] [M]: 0x00000000800005AC (0x3000B073) csrrc zero, mstatus, ra
CSR mstatus -> 0x0000000A00001800
CSR mstatus <- 0x0000000A00000000 (input: 0x0000000A00000000)
mem[X,0x00000000800005B0] -> 0xF06F
mem[X,0x00000000800005B2] -> 0xF35F
[296] [M]: 0x00000000800005B0 (0xF35FF06F) jal zero, 2096948
mem[X,0x00000000800004E4] -> 0x20F3
mem[X,0x00000000800004E6] -> 0x3410
[297] [M]: 0x00000000800004E4 (0x341020F3) csrrs ra, mepc, zero
CSR mepc -> 0x0000000080000804
x1 <- 0x0000000080000804
mem[X,0x00000000800004E8] -> 0x8093
mem[X,0x00000000800004EA] -> 0x0040
[298] [M]: 0x00000000800004E8 (0x00408093) addi ra, ra, 4
x1 <- 0x0000000080000808
mem[X,0x00000000800004EC] -> 0x8E63
mem[X,0x00000000800004EE] -> 0x0405
[299] [M]: 0x00000000800004EC (0x04058E63) beq a1, zero, 92
clint::tick mtime <- 0x0000000000000003
htif::tick 0x0000000000000000
mem[X,0x0000000080000548] -> 0x9073
mem[X,0x000000008000054A] -> 0x3410
[300] [M]: 0x0000000080000548 (0x34109073) csrrw zero, mepc, ra
CSR mepc -> 0x0000000080000804
CSR mepc <- 0x0000000080000808 (input: 0x0000000080000808)
mem[X,0x000000008000054C] -> 0x3383
mem[X,0x000000008000054E] -> 0xFE81
[301] [M]: 0x000000008000054C (0xFE813383) ld t2, 4072(sp)
mem[R,0x00000000800047F0] -> 0xB7FBB6FAB7FBB6FA
x7 <- 0xB7FBB6FAB7FBB6FA
mem[X,0x0000000080000550] -> 0x3283
mem[X,0x0000000080000552] -> 0xFF01
[302] [M]: 0x0000000080000550 (0xFF013283) ld t0, 4080(sp)
mem[R,0x00000000800047F8] -> 0x00000000FFFFFFFF
x5 <- 0x00000000FFFFFFFF
mem[X,0x0000000080000554] -> 0x3083
mem[X,0x0000000080000556] -> 0xFF81
[303] [M]: 0x0000000080000554 (0xFF813083) ld ra, 4088(sp)
mem[R,0x0000000080004800] -> 0x0000000080000441
x1 <- 0x0000000080000441
mem[X,0x0000000080000558] -> 0x1173
mem[X,0x000000008000055A] -> 0x3401
[304] [M]: 0x0000000080000558 (0x34011173) csrrw sp, mscratch, sp
CSR mscratch -> 0x0000000080004008
CSR mscratch <- 0x0000000080004808 (input: 0x0000000080004808)
x2 <- 0x0000000080004008
mem[X,0x000000008000055C] -> 0x0073
mem[X,0x000000008000055E] -> 0x3020
[305] [M]: 0x000000008000055C (0x30200073) mret
CSR mstatus <- 0x0000000A00000080
ret-ing from M to U
mem[X,0x0000000080000808] -> 0x1F37
mem[X,0x000000008000080A] -> 0x0000
[306] [U]: 0x0000000080000808 (0x00001F37) lui t5, 1
x30 <- 0x0000000000001000
mem[X,0x000000008000080C] -> 0x0F1B
mem[X,0x000000008000080E] -> 0xBADF
[307] [U]: 0x000000008000080C (0xBADF0F1B) addiw t5, t5, 2989
x30 <- 0x0000000000000BAD
mem[X,0x0000000080000810] -> 0x0E93
mem[X,0x0000000080000812] -> 0x1110
[308] [U]: 0x0000000080000810 (0x11100E93) addi t4, zero, 273
x29 <- 0x0000000000000111
mem[X,0x0000000080000814] -> 0x9073
mem[X,0x0000000080000816] -> 0xB00E
[309] [U]: 0x0000000080000814 (0xB00E9073) csrrw zero, mcycle, t4
trapping from U to M to handle illegal-instruction
handling exc#0x02 at priv M with tval 0x00000000B00E9073
CSR mstatus <- 0x0000000A00000000
mem[X,0x0000000080000440] -> 0x006F
mem[X,0x0000000080000442] -> 0x0300
[310] [M]: 0x0000000080000440 (0x0300006F) jal zero, 48
mem[X,0x0000000080000470] -> 0x1173
mem[X,0x0000000080000472] -> 0x3401
[311] [M]: 0x0000000080000470 (0x34011173) csrrw sp, mscratch, sp
CSR mscratch -> 0x0000000080004808
CSR mscratch <- 0x0000000080004008 (input: 0x0000000080004008)
x2 <- 0x0000000080004808
mem[X,0x0000000080000474] -> 0x3C23
mem[X,0x0000000080000476] -> 0xFE11
[312] [M]: 0x0000000080000474 (0xFE113C23) sd ra, 4088(sp)
mem[0x0000000080004800] <- 0x0000000080000441
mem[X,0x0000000080000478] -> 0x3823
mem[X,0x000000008000047A] -> 0xFE51
[313] [M]: 0x0000000080000478 (0xFE513823) sd t0, 4080(sp)
mem[0x00000000800047F8] <- 0x00000000FFFFFFFF
mem[X,0x000000008000047C] -> 0x3423
mem[X,0x000000008000047E] -> 0xFE71
[314] [M]: 0x000000008000047C (0xFE713423) sd t2, 4072(sp)
mem[0x00000000800047F0] <- 0xB7FBB6FAB7FBB6FA
mem[X,0x0000000080000480] -> 0x20F3
mem[X,0x0000000080000482] -> 0x3420
[315] [M]: 0x0000000080000480 (0x342020F3) csrrs ra, mcause, zero
CSR mcause -> 0x0000000000000002
x1 <- 0x0000000000000002
mem[X,0x0000000080000484] -> 0x3023
mem[X,0x0000000080000486] -> 0x0018
[316] [M]: 0x0000000080000484 (0x00183023) sd ra, 0(a6)
mem[0x0000000080005218] <- 0x0000000000000002
mem[X,0x0000000080000488] -> 0x0313
mem[X,0x000000008000048A] -> 0x0083
[317] [M]: 0x0000000080000488 (0x00830313) addi t1, t1, 8
x6 <- 0x0000000080005220
mem[X,0x000000008000048C] -> 0x0813
mem[X,0x000000008000048E] -> 0x0088
[318] [M]: 0x000000008000048C (0x00880813) addi a6, a6, 8
x16 <- 0x0000000080005220
mem[X,0x0000000080000490] -> 0x20F3
mem[X,0x0000000080000492] -> 0x3420
[319] [M]: 0x0000000080000490 (0x342020F3) csrrs ra, mcause, zero
CSR mcause -> 0x0000000000000002
x1 <- 0x0000000000000002
mem[X,0x0000000080000494] -> 0x029B
mem[X,0x0000000080000496] -> 0xFFF0
[320] [M]: 0x0000000080000494 (0xFFF0029B) addiw t0, zero, 4095
x5 <- 0xFFFFFFFFFFFFFFFF
mem[X,0x0000000080000498] -> 0x9293
mem[X,0x000000008000049A] -> 0x03F2
[321] [M]: 0x0000000080000498 (0x03F29293) slli t0, t0, 63
x5 <- 0x8000000000000000
mem[X,0x000000008000049C] -> 0xF2B3
mem[X,0x000000008000049E] -> 0x0012
[322] [M]: 0x000000008000049C (0x0012F2B3) and t0, t0, ra
x5 <- 0x0000000000000000
mem[X,0x00000000800004A0] -> 0x9E63
mem[X,0x00000000800004A2] -> 0x0002
[323] [M]: 0x00000000800004A0 (0x00029E63) bne t0, zero, 28
mem[X,0x00000000800004A4] -> 0x0297
mem[X,0x00000000800004A6] -> 0x0000
[324] [M]: 0x00000000800004A4 (0x00000297) auipc t0, 0
x5 <- 0x00000000800004A4
mem[X,0x00000000800004A8] -> 0x8293
mem[X,0x00000000800004AA] -> 0x2542
[325] [M]: 0x00000000800004A8 (0x25428293) addi t0, t0, 596
x5 <- 0x00000000800006F8
mem[X,0x00000000800004AC] -> 0x9093
mem[X,0x00000000800004AE] -> 0x0030
[326] [M]: 0x00000000800004AC (0x00309093) slli ra, ra, 3
x1 <- 0x0000000000000010
mem[X,0x00000000800004B0] -> 0x82B3
mem[X,0x00000000800004B2] -> 0x0012
[327] [M]: 0x00000000800004B0 (0x001282B3) add t0, t0, ra
x5 <- 0x0000000080000708
mem[X,0x00000000800004B4] -> 0xB283
mem[X,0x00000000800004B6] -> 0x0002
[328] [M]: 0x00000000800004B4 (0x0002B283) ld t0, 0(t0)
mem[R,0x0000000080000708] -> 0x00000000800005C4
x5 <- 0x00000000800005C4
mem[X,0x00000000800004B8] -> 0x8067
mem[X,0x00000000800004BA] -> 0x0002
[329] [M]: 0x00000000800004B8 (0x00028067) jalr zero, t0, 0
mem[X,0x00000000800005C4] -> 0xF06F
mem[X,0x00000000800005C6] -> 0xF21F
[330] [M]: 0x00000000800005C4 (0xF21FF06F) jal zero, 2096928
mem[X,0x00000000800004E4] -> 0x20F3
mem[X,0x00000000800004E6] -> 0x3410
[331] [M]: 0x00000000800004E4 (0x341020F3) csrrs ra, mepc, zero
CSR mepc -> 0x0000000080000814
x1 <- 0x0000000080000814
mem[X,0x00000000800004E8] -> 0x8093
mem[X,0x00000000800004EA] -> 0x0040
[332] [M]: 0x00000000800004E8 (0x00408093) addi ra, ra, 4
x1 <- 0x0000000080000818
mem[X,0x00000000800004EC] -> 0x8E63
mem[X,0x00000000800004EE] -> 0x0405
[333] [M]: 0x00000000800004EC (0x04058E63) beq a1, zero, 92
mem[X,0x0000000080000548] -> 0x9073
mem[X,0x000000008000054A] -> 0x3410
[334] [M]: 0x0000000080000548 (0x34109073) csrrw zero, mepc, ra
CSR mepc -> 0x0000000080000814
CSR mepc <- 0x0000000080000818 (input: 0x0000000080000818)
mem[X,0x000000008000054C] -> 0x3383
mem[X,0x000000008000054E] -> 0xFE81
[335] [M]: 0x000000008000054C (0xFE813383) ld t2, 4072(sp)
mem[R,0x00000000800047F0] -> 0xB7FBB6FAB7FBB6FA
x7 <- 0xB7FBB6FAB7FBB6FA
mem[X,0x0000000080000550] -> 0x3283
mem[X,0x0000000080000552] -> 0xFF01
[336] [M]: 0x0000000080000550 (0xFF013283) ld t0, 4080(sp)
mem[R,0x00000000800047F8] -> 0x00000000FFFFFFFF
x5 <- 0x00000000FFFFFFFF
mem[X,0x0000000080000554] -> 0x3083
mem[X,0x0000000080000556] -> 0xFF81
[337] [M]: 0x0000000080000554 (0xFF813083) ld ra, 4088(sp)
mem[R,0x0000000080004800] -> 0x0000000080000441
x1 <- 0x0000000080000441
mem[X,0x0000000080000558] -> 0x1173
mem[X,0x000000008000055A] -> 0x3401
[338] [M]: 0x0000000080000558 (0x34011173) csrrw sp, mscratch, sp
CSR mscratch -> 0x0000000080004008
CSR mscratch <- 0x0000000080004808 (input: 0x0000000080004808)
x2 <- 0x0000000080004008
mem[X,0x000000008000055C] -> 0x0073
mem[X,0x000000008000055E] -> 0x3020
[339] [M]: 0x000000008000055C (0x30200073) mret
CSR mstatus <- 0x0000000A00000080
ret-ing from M to U
mem[X,0x0000000080000818] -> 0x2F73
mem[X,0x000000008000081A] -> 0xB000
[340] [U]: 0x0000000080000818 (0xB0002F73) csrrs t5, mcycle, zero
trapping from U to M to handle illegal-instruction
handling exc#0x02 at priv M with tval 0x00000000B0002F73
CSR mstatus <- 0x0000000A00000000
mem[X,0x0000000080000440] -> 0x006F
mem[X,0x0000000080000442] -> 0x0300
[341] [M]: 0x0000000080000440 (0x0300006F) jal zero, 48
mem[X,0x0000000080000470] -> 0x1173
mem[X,0x0000000080000472] -> 0x3401
[342] [M]: 0x0000000080000470 (0x34011173) csrrw sp, mscratch, sp
CSR mscratch -> 0x0000000080004808
CSR mscratch <- 0x0000000080004008 (input: 0x0000000080004008)
x2 <- 0x0000000080004808
mem[X,0x0000000080000474] -> 0x3C23
mem[X,0x0000000080000476] -> 0xFE11
[343] [M]: 0x0000000080000474 (0xFE113C23) sd ra, 4088(sp)
mem[0x0000000080004800] <- 0x0000000080000441
mem[X,0x0000000080000478] -> 0x3823
mem[X,0x000000008000047A] -> 0xFE51
[344] [M]: 0x0000000080000478 (0xFE513823) sd t0, 4080(sp)
mem[0x00000000800047F8] <- 0x00000000FFFFFFFF
mem[X,0x000000008000047C] -> 0x3423
mem[X,0x000000008000047E] -> 0xFE71
[345] [M]: 0x000000008000047C (0xFE713423) sd t2, 4072(sp)
mem[0x00000000800047F0] <- 0xB7FBB6FAB7FBB6FA
mem[X,0x0000000080000480] -> 0x20F3
mem[X,0x0000000080000482] -> 0x3420
[346] [M]: 0x0000000080000480 (0x342020F3) csrrs ra, mcause, zero
CSR mcause -> 0x0000000000000002
x1 <- 0x0000000000000002
mem[X,0x0000000080000484] -> 0x3023
mem[X,0x0000000080000486] -> 0x0018
[347] [M]: 0x0000000080000484 (0x00183023) sd ra, 0(a6)
mem[0x0000000080005220] <- 0x0000000000000002
mem[X,0x0000000080000488] -> 0x0313
mem[X,0x000000008000048A] -> 0x0083
[348] [M]: 0x0000000080000488 (0x00830313) addi t1, t1, 8
x6 <- 0x0000000080005228
mem[X,0x000000008000048C] -> 0x0813
mem[X,0x000000008000048E] -> 0x0088
[349] [M]: 0x000000008000048C (0x00880813) addi a6, a6, 8
x16 <- 0x0000000080005228
mem[X,0x0000000080000490] -> 0x20F3
mem[X,0x0000000080000492] -> 0x3420
[350] [M]: 0x0000000080000490 (0x342020F3) csrrs ra, mcause, zero
CSR mcause -> 0x0000000000000002
x1 <- 0x0000000000000002
mem[X,0x0000000080000494] -> 0x029B
mem[X,0x0000000080000496] -> 0xFFF0
[351] [M]: 0x0000000080000494 (0xFFF0029B) addiw t0, zero, 4095
x5 <- 0xFFFFFFFFFFFFFFFF
mem[X,0x0000000080000498] -> 0x9293
mem[X,0x000000008000049A] -> 0x03F2
[352] [M]: 0x0000000080000498 (0x03F29293) slli t0, t0, 63
x5 <- 0x8000000000000000
mem[X,0x000000008000049C] -> 0xF2B3
mem[X,0x000000008000049E] -> 0x0012
[353] [M]: 0x000000008000049C (0x0012F2B3) and t0, t0, ra
x5 <- 0x0000000000000000
mem[X,0x00000000800004A0] -> 0x9E63
mem[X,0x00000000800004A2] -> 0x0002
[354] [M]: 0x00000000800004A0 (0x00029E63) bne t0, zero, 28
mem[X,0x00000000800004A4] -> 0x0297
mem[X,0x00000000800004A6] -> 0x0000
[355] [M]: 0x00000000800004A4 (0x00000297) auipc t0, 0
x5 <- 0x00000000800004A4
mem[X,0x00000000800004A8] -> 0x8293
mem[X,0x00000000800004AA] -> 0x2542
[356] [M]: 0x00000000800004A8 (0x25428293) addi t0, t0, 596
x5 <- 0x00000000800006F8
mem[X,0x00000000800004AC] -> 0x9093
mem[X,0x00000000800004AE] -> 0x0030
[357] [M]: 0x00000000800004AC (0x00309093) slli ra, ra, 3
x1 <- 0x0000000000000010
mem[X,0x00000000800004B0] -> 0x82B3
mem[X,0x00000000800004B2] -> 0x0012
[358] [M]: 0x00000000800004B0 (0x001282B3) add t0, t0, ra
x5 <- 0x0000000080000708
mem[X,0x00000000800004B4] -> 0xB283
mem[X,0x00000000800004B6] -> 0x0002
[359] [M]: 0x00000000800004B4 (0x0002B283) ld t0, 0(t0)
mem[R,0x0000000080000708] -> 0x00000000800005C4
x5 <- 0x00000000800005C4
mem[X,0x00000000800004B8] -> 0x8067
mem[X,0x00000000800004BA] -> 0x0002
[360] [M]: 0x00000000800004B8 (0x00028067) jalr zero, t0, 0
mem[X,0x00000000800005C4] -> 0xF06F
mem[X,0x00000000800005C6] -> 0xF21F
[361] [M]: 0x00000000800005C4 (0xF21FF06F) jal zero, 2096928
mem[X,0x00000000800004E4] -> 0x20F3
mem[X,0x00000000800004E6] -> 0x3410
[362] [M]: 0x00000000800004E4 (0x341020F3) csrrs ra, mepc, zero
CSR mepc -> 0x0000000080000818
x1 <- 0x0000000080000818
mem[X,0x00000000800004E8] -> 0x8093
mem[X,0x00000000800004EA] -> 0x0040
[363] [M]: 0x00000000800004E8 (0x00408093) addi ra, ra, 4
x1 <- 0x000000008000081C
mem[X,0x00000000800004EC] -> 0x8E63
mem[X,0x00000000800004EE] -> 0x0405
[364] [M]: 0x00000000800004EC (0x04058E63) beq a1, zero, 92
mem[X,0x0000000080000548] -> 0x9073
mem[X,0x000000008000054A] -> 0x3410
[365] [M]: 0x0000000080000548 (0x34109073) csrrw zero, mepc, ra
CSR mepc -> 0x0000000080000818
CSR mepc <- 0x000000008000081C (input: 0x000000008000081C)
mem[X,0x000000008000054C] -> 0x3383
mem[X,0x000000008000054E] -> 0xFE81
[366] [M]: 0x000000008000054C (0xFE813383) ld t2, 4072(sp)
mem[R,0x00000000800047F0] -> 0xB7FBB6FAB7FBB6FA
x7 <- 0xB7FBB6FAB7FBB6FA
mem[X,0x0000000080000550] -> 0x3283
mem[X,0x0000000080000552] -> 0xFF01
[367] [M]: 0x0000000080000550 (0xFF013283) ld t0, 4080(sp)
mem[R,0x00000000800047F8] -> 0x00000000FFFFFFFF
x5 <- 0x00000000FFFFFFFF
mem[X,0x0000000080000554] -> 0x3083
mem[X,0x0000000080000556] -> 0xFF81
[368] [M]: 0x0000000080000554 (0xFF813083) ld ra, 4088(sp)
mem[R,0x0000000080004800] -> 0x0000000080000441
x1 <- 0x0000000080000441
mem[X,0x0000000080000558] -> 0x1173
mem[X,0x000000008000055A] -> 0x3401
[369] [M]: 0x0000000080000558 (0x34011173) csrrw sp, mscratch, sp
CSR mscratch -> 0x0000000080004008
CSR mscratch <- 0x0000000080004808 (input: 0x0000000080004808)
x2 <- 0x0000000080004008
mem[X,0x000000008000055C] -> 0x0073
mem[X,0x000000008000055E] -> 0x3020
[370] [M]: 0x000000008000055C (0x30200073) mret
CSR mstatus <- 0x0000000A00000080
ret-ing from M to U
mem[X,0x000000008000081C] -> 0x3023
mem[X,0x000000008000081E] -> 0x01E3
[371] [U]: 0x000000008000081C (0x01E33023) sd t5, 0(t1)
mem[0x0000000080005228] <- 0x0000000000000BAD
mem[X,0x0000000080000820] -> 0x0313
mem[X,0x0000000080000822] -> 0x0083
[372] [U]: 0x0000000080000820 (0x00830313) addi t1, t1, 8
x6 <- 0x0000000080005230
mem[X,0x0000000080000824] -> 0x0813
mem[X,0x0000000080000826] -> 0x0088
[373] [U]: 0x0000000080000824 (0x00880813) addi a6, a6, 8
x16 <- 0x0000000080005230
mem[X,0x0000000080000828] -> 0x106F
mem[X,0x000000008000082A] -> 0x7D80
[374] [U]: 0x0000000080000828 (0x7D80106F) jal zero, 6104
mem[X,0x0000000080002000] -> 0x0513
mem[X,0x0000000080002002] -> 0x0020
[375] [U]: 0x0000000080002000 (0x00200513) addi a0, zero, 2
x10 <- 0x0000000000000002
mem[X,0x0000000080002004] -> 0x0073
mem[X,0x0000000080002006] -> 0x0000
[376] [U]: 0x0000000080002004 (0x00000073) ecall
trapping from U to M to handle u-call
handling exc#0x08 at priv M with tval 0x0000000000000000
CSR mstatus <- 0x0000000A00000000
mem[X,0x0000000080000440] -> 0x006F
mem[X,0x0000000080000442] -> 0x0300
[377] [M]: 0x0000000080000440 (0x0300006F) jal zero, 48
mem[X,0x0000000080000470] -> 0x1173
mem[X,0x0000000080000472] -> 0x3401
[378] [M]: 0x0000000080000470 (0x34011173) csrrw sp, mscratch, sp
CSR mscratch -> 0x0000000080004808
CSR mscratch <- 0x0000000080004008 (input: 0x0000000080004008)
x2 <- 0x0000000080004808
mem[X,0x0000000080000474] -> 0x3C23
mem[X,0x0000000080000476] -> 0xFE11
[379] [M]: 0x0000000080000474 (0xFE113C23) sd ra, 4088(sp)
mem[0x0000000080004800] <- 0x0000000080000441
mem[X,0x0000000080000478] -> 0x3823
mem[X,0x000000008000047A] -> 0xFE51
[380] [M]: 0x0000000080000478 (0xFE513823) sd t0, 4080(sp)
mem[0x00000000800047F8] <- 0x00000000FFFFFFFF
mem[X,0x000000008000047C] -> 0x3423
mem[X,0x000000008000047E] -> 0xFE71
[381] [M]: 0x000000008000047C (0xFE713423) sd t2, 4072(sp)
mem[0x00000000800047F0] <- 0xB7FBB6FAB7FBB6FA
mem[X,0x0000000080000480] -> 0x20F3
mem[X,0x0000000080000482] -> 0x3420
[382] [M]: 0x0000000080000480 (0x342020F3) csrrs ra, mcause, zero
CSR mcause -> 0x0000000000000008
x1 <- 0x0000000000000008
mem[X,0x0000000080000484] -> 0x3023
mem[X,0x0000000080000486] -> 0x0018
[383] [M]: 0x0000000080000484 (0x00183023) sd ra, 0(a6)
mem[0x0000000080005230] <- 0x0000000000000008
mem[X,0x0000000080000488] -> 0x0313
mem[X,0x000000008000048A] -> 0x0083
[384] [M]: 0x0000000080000488 (0x00830313) addi t1, t1, 8
x6 <- 0x0000000080005238
mem[X,0x000000008000048C] -> 0x0813
mem[X,0x000000008000048E] -> 0x0088
[385] [M]: 0x000000008000048C (0x00880813) addi a6, a6, 8
x16 <- 0x0000000080005238
mem[X,0x0000000080000490] -> 0x20F3
mem[X,0x0000000080000492] -> 0x3420
[386] [M]: 0x0000000080000490 (0x342020F3) csrrs ra, mcause, zero
CSR mcause -> 0x0000000000000008
x1 <- 0x0000000000000008
mem[X,0x0000000080000494] -> 0x029B
mem[X,0x0000000080000496] -> 0xFFF0
[387] [M]: 0x0000000080000494 (0xFFF0029B) addiw t0, zero, 4095
x5 <- 0xFFFFFFFFFFFFFFFF
mem[X,0x0000000080000498] -> 0x9293
mem[X,0x000000008000049A] -> 0x03F2
[388] [M]: 0x0000000080000498 (0x03F29293) slli t0, t0, 63
x5 <- 0x8000000000000000
mem[X,0x000000008000049C] -> 0xF2B3
mem[X,0x000000008000049E] -> 0x0012
[389] [M]: 0x000000008000049C (0x0012F2B3) and t0, t0, ra
x5 <- 0x0000000000000000
mem[X,0x00000000800004A0] -> 0x9E63
mem[X,0x00000000800004A2] -> 0x0002
[390] [M]: 0x00000000800004A0 (0x00029E63) bne t0, zero, 28
mem[X,0x00000000800004A4] -> 0x0297
mem[X,0x00000000800004A6] -> 0x0000
[391] [M]: 0x00000000800004A4 (0x00000297) auipc t0, 0
x5 <- 0x00000000800004A4
mem[X,0x00000000800004A8] -> 0x8293
mem[X,0x00000000800004AA] -> 0x2542
[392] [M]: 0x00000000800004A8 (0x25428293) addi t0, t0, 596
x5 <- 0x00000000800006F8
mem[X,0x00000000800004AC] -> 0x9093
mem[X,0x00000000800004AE] -> 0x0030
[393] [M]: 0x00000000800004AC (0x00309093) slli ra, ra, 3
x1 <- 0x0000000000000040
mem[X,0x00000000800004B0] -> 0x82B3
mem[X,0x00000000800004B2] -> 0x0012
[394] [M]: 0x00000000800004B0 (0x001282B3) add t0, t0, ra
x5 <- 0x0000000080000738
mem[X,0x00000000800004B4] -> 0xB283
mem[X,0x00000000800004B6] -> 0x0002
[395] [M]: 0x00000000800004B4 (0x0002B283) ld t0, 0(t0)
mem[R,0x0000000080000738] -> 0x0000000080000560
x5 <- 0x0000000080000560
mem[X,0x00000000800004B8] -> 0x8067
mem[X,0x00000000800004BA] -> 0x0002
[396] [M]: 0x00000000800004B8 (0x00028067) jalr zero, t0, 0
mem[X,0x0000000080000560] -> 0x0293
mem[X,0x0000000080000562] -> 0x0020
[397] [M]: 0x0000000080000560 (0x00200293) addi t0, zero, 2
x5 <- 0x0000000000000002
mem[X,0x0000000080000564] -> 0x0C63
mem[X,0x0000000080000566] -> 0x0055
[398] [M]: 0x0000000080000564 (0x00550C63) beq a0, t0, 24
mem[X,0x000000008000057C] -> 0x20B7
mem[X,0x000000008000057E] -> 0x0000
[399] [M]: 0x000000008000057C (0x000020B7) lui ra, 2
x1 <- 0x0000000000002000
clint::tick mtime <- 0x0000000000000004
htif::tick 0x0000000000000000
mem[X,0x0000000080000580] -> 0x809B
mem[X,0x0000000080000582] -> 0x8000
[400] [M]: 0x0000000080000580 (0x8000809B) addiw ra, ra, 2048
x1 <- 0x0000000000001800
mem[X,0x0000000080000584] -> 0xA073
mem[X,0x0000000080000586] -> 0x3000
[401] [M]: 0x0000000080000584 (0x3000A073) csrrs zero, mstatus, ra
CSR mstatus -> 0x0000000A00000000
CSR mstatus <- 0x0000000A00001800 (input: 0x0000000A00001800)
mem[X,0x0000000080000588] -> 0xF06F
mem[X,0x000000008000058A] -> 0xF5DF
[402] [M]: 0x0000000080000588 (0xF5DFF06F) jal zero, 2096988
mem[X,0x00000000800004E4] -> 0x20F3
mem[X,0x00000000800004E6] -> 0x3410
[403] [M]: 0x00000000800004E4 (0x341020F3) csrrs ra, mepc, zero
CSR mepc -> 0x0000000080002004
x1 <- 0x0000000080002004
mem[X,0x00000000800004E8] -> 0x8093
mem[X,0x00000000800004EA] -> 0x0040
[404] [M]: 0x00000000800004E8 (0x00408093) addi ra, ra, 4
x1 <- 0x0000000080002008
mem[X,0x00000000800004EC] -> 0x8E63
mem[X,0x00000000800004EE] -> 0x0405
[405] [M]: 0x00000000800004EC (0x04058E63) beq a1, zero, 92
mem[X,0x0000000080000548] -> 0x9073
mem[X,0x000000008000054A] -> 0x3410
[406] [M]: 0x0000000080000548 (0x34109073) csrrw zero, mepc, ra
CSR mepc -> 0x0000000080002004
CSR mepc <- 0x0000000080002008 (input: 0x0000000080002008)
mem[X,0x000000008000054C] -> 0x3383
mem[X,0x000000008000054E] -> 0xFE81
[407] [M]: 0x000000008000054C (0xFE813383) ld t2, 4072(sp)
mem[R,0x00000000800047F0] -> 0xB7FBB6FAB7FBB6FA
x7 <- 0xB7FBB6FAB7FBB6FA
mem[X,0x0000000080000550] -> 0x3283
mem[X,0x0000000080000552] -> 0xFF01
[408] [M]: 0x0000000080000550 (0xFF013283) ld t0, 4080(sp)
mem[R,0x00000000800047F8] -> 0x00000000FFFFFFFF
x5 <- 0x00000000FFFFFFFF
mem[X,0x0000000080000554] -> 0x3083
mem[X,0x0000000080000556] -> 0xFF81
[409] [M]: 0x0000000080000554 (0xFF813083) ld ra, 4088(sp)
mem[R,0x0000000080004800] -> 0x0000000080000441
x1 <- 0x0000000080000441
mem[X,0x0000000080000558] -> 0x1173
mem[X,0x000000008000055A] -> 0x3401
[410] [M]: 0x0000000080000558 (0x34011173) csrrw sp, mscratch, sp
CSR mscratch -> 0x0000000080004008
CSR mscratch <- 0x0000000080004808 (input: 0x0000000080004808)
x2 <- 0x0000000080004008
mem[X,0x000000008000055C] -> 0x0073
mem[X,0x000000008000055E] -> 0x3020
[411] [M]: 0x000000008000055C (0x30200073) mret
CSR mstatus <- 0x0000000A00000080
ret-ing from M to M
mem[X,0x0000000080002008] -> 0x1073
mem[X,0x000000008000200A] -> 0x3052
[412] [M]: 0x0000000080002008 (0x30521073) csrrw zero, mtvec, tp
CSR mtvec -> 0x0000000080000441
CSR mtvec <- 0x0000000000000000 (input: 0x0000000000000000)
mem[X,0x000000008000200C] -> 0x0013
mem[X,0x000000008000200E] -> 0x0000
[413] [M]: 0x000000008000200C (0x00000013) addi zero, zero, 0
mem[X,0x0000000080002010] -> 0x0093
mem[X,0x0000000080002012] -> 0x0010
[414] [M]: 0x0000000080002010 (0x00100093) addi ra, zero, 1
x1 <- 0x0000000000000001
mem[X,0x0000000080002014] -> 0xF297
mem[X,0x0000000080002016] -> 0xFFFF
[415] [M]: 0x0000000080002014 (0xFFFFF297) auipc t0, 1048575
x5 <- 0x0000000080001014
mem[X,0x0000000080002018] -> 0xA623
mem[X,0x000000008000201A] -> 0xFE12
[416] [M]: 0x0000000080002018 (0xFE12A623) sw ra, 4076(t0)
htif[0x0000000080001000] <- 0x00000001
mem[X,0x000000008000201C] -> 0xF06F
mem[X,0x000000008000201E] -> 0xFF9F
[417] [M]: 0x000000008000201C (0xFF9FF06F) jal zero, 2097144
mem[X,0x0000000080002014] -> 0xF297
mem[X,0x0000000080002016] -> 0xFFFF
[418] [M]: 0x0000000080002014 (0xFFFFF297) auipc t0, 1048575
x5 <- 0x0000000080001014
mem[X,0x0000000080002018] -> 0xA623
mem[X,0x000000008000201A] -> 0xFE12
[419] [M]: 0x0000000080002018 (0xFE12A623) sw ra, 4076(t0)
htif[0x0000000080001000] <- 0x00000001
mem[X,0x000000008000201C] -> 0xF06F
mem[X,0x000000008000201E] -> 0xFF9F
[420] [M]: 0x000000008000201C (0xFF9FF06F) jal zero, 2097144
mem[X,0x0000000080002014] -> 0xF297
mem[X,0x0000000080002016] -> 0xFFFF
[421] [M]: 0x0000000080002014 (0xFFFFF297) auipc t0, 1048575
x5 <- 0x0000000080001014
mem[X,0x0000000080002018] -> 0xA623
mem[X,0x000000008000201A] -> 0xFE12
[422] [M]: 0x0000000080002018 (0xFE12A623) sw ra, 4076(t0)
htif[0x0000000080001000] <- 0x00000001
htif-syscall-proxy cmd: 0x000000000001
SUCCESS
